#
# There is insufficient memory for the Java Runtime Environment to continue.
# Native memory allocation (malloc) failed to allocate 628176 bytes for Chunk::new
# Possible reasons:
#   The system is out of physical RAM or swap space
#   The process is running with CompressedOops enabled, and the Java Heap may be blocking the growth of the native heap
# Possible solutions:
#   Reduce memory load on the system
#   Increase physical memory or swap space
#   Check if swap backing store is full
#   Decrease Java heap size (-Xmx/-Xms)
#   Decrease number of Java threads
#   Decrease Java thread stack sizes (-Xss)
#   Set larger code cache with -XX:ReservedCodeCacheSize=
#   JVM is running with Zero Based Compressed Oops mode in which the Java heap is
#     placed in the first 32GB address space. The Java Heap base address is the
#     maximum limit for the native heap growth. Please use -XX:HeapBaseMinAddress
#     to set the Java Heap base and to place the Java Heap above 32GB virtual address.
# This output file may be truncated or incomplete.
#
#  Out of Memory Error (allocation.cpp:389), pid=2572, tid=0x00000000000013d4
#
# JRE version: Java(TM) SE Runtime Environment (8.0_212-b10) (build 1.8.0_212-b10)
# Java VM: Java HotSpot(TM) 64-Bit Server VM (25.212-b10 mixed mode windows-amd64 compressed oops)
# Failed to write core dump. Minidumps are not enabled by default on client versions of Windows
#

---------------  T H R E A D  ---------------

Current thread (0x000000001ec38000):  JavaThread "C2 CompilerThread0" daemon [_thread_in_native, id=5076, stack(0x000000001f500000,0x000000001f600000)]

Stack: [0x000000001f500000,0x000000001f600000]
[error occurred during error reporting (printing stack bounds), id 0xc0000005]

Native frames: (J=compiled Java code, j=interpreted, Vv=VM code, C=native code)


Current CompileTask:
C2:    834 1217 %     4       java.io.WinNTFileSystem::normalize @ 22 (143 bytes)


---------------  P R O C E S S  ---------------

Java Threads: ( => current thread )
  0x000000001ee24800 JavaThread "surefire-forkedjvm-ping-30s" daemon [_thread_blocked, id=14700, stack(0x000000001fc00000,0x000000001fd00000)]
  0x000000001ed9b800 JavaThread "surefire-forkedjvm-command-thread" daemon [_thread_in_native, id=1756, stack(0x000000001fb00000,0x000000001fc00000)]
  0x000000001eccd000 JavaThread "Service Thread" daemon [_thread_blocked, id=15264, stack(0x000000001f900000,0x000000001fa00000)]
  0x000000001ec42800 JavaThread "C1 CompilerThread3" daemon [_thread_blocked, id=18192, stack(0x000000001f800000,0x000000001f900000)]
  0x000000001ec3c000 JavaThread "C2 CompilerThread2" daemon [_thread_in_native, id=21780, stack(0x000000001f700000,0x000000001f800000)]
  0x000000001ec3b800 JavaThread "C2 CompilerThread1" daemon [_thread_in_native, id=20112, stack(0x000000001f600000,0x000000001f700000)]
=>0x000000001ec38000 JavaThread "C2 CompilerThread0" daemon [_thread_in_native, id=5076, stack(0x000000001f500000,0x000000001f600000)]
  0x000000001ec33000 JavaThread "Attach Listener" daemon [_thread_blocked, id=19160, stack(0x000000001f400000,0x000000001f500000)]
  0x000000001ec32000 JavaThread "Signal Dispatcher" daemon [_thread_blocked, id=1048, stack(0x000000001f300000,0x000000001f400000)]
  0x000000001ec20800 JavaThread "Finalizer" daemon [_thread_blocked, id=15932, stack(0x000000001f100000,0x000000001f200000)]
  0x000000001ce2d800 JavaThread "Reference Handler" daemon [_thread_blocked, id=6140, stack(0x000000001f000000,0x000000001f100000)]
  0x0000000003282800 JavaThread "main" [_thread_in_vm, id=4636, stack(0x00000000030f0000,0x00000000031f0000)]

Other Threads:
  0x000000001ce29000 VMThread [stack: 0x000000001eb00000,0x000000001ec00000] [id=23100]
  0x000000001ecf6800 WatcherThread [stack: 0x000000001fa00000,0x000000001fb00000] [id=22920]

VM state:not at safepoint (normal execution)

VM Mutex/Monitor currently owned by a thread: None

heap address: 0x00000006c0c00000, size: 4084 MB, Compressed Oops mode: Zero based, Oop shift amount: 3
Narrow klass base: 0x0000000000000000, Narrow klass shift: 3
Compressed class space size: 1073741824 Address: 0x00000007c0000000

Heap:
 PSYoungGen      total 76288K, used 21360K [0x000000076af00000, 0x0000000770400000, 0x00000007c0000000)
  eden space 65536K, 20% used [0x000000076af00000,0x000000076bbef038,0x000000076ef00000)
  from space 10752K, 75% used [0x000000076ef00000,0x000000076f6ecff0,0x000000076f980000)
  to   space 10752K, 0% used [0x000000076f980000,0x000000076f980000,0x0000000770400000)
 ParOldGen       total 175104K, used 16K [0x00000006c0c00000, 0x00000006cb700000, 0x000000076af00000)
  object space 175104K, 0% used [0x00000006c0c00000,0x00000006c0c04000,0x00000006cb700000)
 Metaspace       used 14876K, capacity 15980K, committed 16256K, reserved 1062912K
  class space    used 1895K, capacity 2130K, committed 2176K, reserved 1048576K

Card table byte_map: [0x0000000012740000,0x0000000012f40000] byte_map_base: 0x000000000f13a000

Marking Bits: (ParMarkBitMap*) 0x000000006cca5ce0
 Begin Bits: [0x0000000013ca0000, 0x0000000017c70000)
 End Bits:   [0x0000000017c70000, 0x000000001bc40000)

Polling page: 0x0000000001250000

CodeCache: size=245760Kb used=4366Kb max_used=4366Kb free=241393Kb
 bounds [0x0000000003380000, 0x00000000037d0000, 0x0000000012380000]
 total_blobs=1599 nmethods=1239 adapters=272
 compilation: enabled

Compilation events (10 events):
Event: 0.830 Thread 0x000000001ec42800 nmethod 1238 0x00000000037c1a50 code [0x00000000037c1bc0, 0x00000000037c1ed8]
Event: 0.830 Thread 0x000000001ec42800 1237       3       java.util.concurrent.locks.ReentrantLock::unlock (10 bytes)
Event: 0.830 Thread 0x000000001ec42800 nmethod 1237 0x00000000037c1350 code [0x00000000037c14e0, 0x00000000037c18f8]
Event: 0.832 Thread 0x000000001ec42800 1239       1       org.springframework.core.annotation.MissingMergedAnnotation::isPresent (2 bytes)
Event: 0.832 Thread 0x000000001ec42800 nmethod 1239 0x00000000037c1090 code [0x00000000037c11e0, 0x00000000037c12f0]
Event: 0.832 Thread 0x000000001ec42800 1240       3       java.util.concurrent.locks.ReentrantLock::lock (8 bytes)
Event: 0.832 Thread 0x000000001ec42800 nmethod 1240 0x00000000037c0c50 code [0x00000000037c0dc0, 0x00000000037c0fe8]
Event: 0.832 Thread 0x000000001ec42800 1241       3       java.nio.Bits::byteOrder (20 bytes)
Event: 0.832 Thread 0x000000001ec42800 nmethod 1241 0x00000000037c0950 code [0x00000000037c0aa0, 0x00000000037c0bf0]
Event: 0.832 Thread 0x000000001ec42800 1242       2       java.util.ArrayList$Itr::next (66 bytes)

GC Heap History (2 events):
Event: 0.748 GC heap before
{Heap before GC invocations=1 (full 0):
 PSYoungGen      total 76288K, used 65536K [0x000000076af00000, 0x0000000770400000, 0x00000007c0000000)
  eden space 65536K, 100% used [0x000000076af00000,0x000000076ef00000,0x000000076ef00000)
  from space 10752K, 0% used [0x000000076f980000,0x000000076f980000,0x0000000770400000)
  to   space 10752K, 0% used [0x000000076ef00000,0x000000076ef00000,0x000000076f980000)
 ParOldGen       total 175104K, used 0K [0x00000006c0c00000, 0x00000006cb700000, 0x000000076af00000)
  object space 175104K, 0% used [0x00000006c0c00000,0x00000006c0c00000,0x00000006cb700000)
 Metaspace       used 13536K, capacity 14582K, committed 14848K, reserved 1062912K
  class space    used 1709K, capacity 1935K, committed 2048K, reserved 1048576K
Event: 0.754 GC heap after
Heap after GC invocations=1 (full 0):
 PSYoungGen      total 76288K, used 8115K [0x000000076af00000, 0x0000000770400000, 0x00000007c0000000)
  eden space 65536K, 0% used [0x000000076af00000,0x000000076af00000,0x000000076ef00000)
  from space 10752K, 75% used [0x000000076ef00000,0x000000076f6ecff0,0x000000076f980000)
  to   space 10752K, 0% used [0x000000076f980000,0x000000076f980000,0x0000000770400000)
 ParOldGen       total 175104K, used 16K [0x00000006c0c00000, 0x00000006cb700000, 0x000000076af00000)
  object space 175104K, 0% used [0x00000006c0c00000,0x00000006c0c04000,0x00000006cb700000)
 Metaspace       used 13536K, capacity 14582K, committed 14848K, reserved 1062912K
  class space    used 1709K, capacity 1935K, committed 2048K, reserved 1048576K
}

Deoptimization events (10 events):
Event: 0.535 Thread 0x0000000003282800 Uncommon trap: reason=predicate action=maybe_recompile pc=0x00000000036c3f2c method=sun.net.www.ParseUtil.encodePath(Ljava/lang/String;Z)Ljava/lang/String; @ 36
Event: 0.538 Thread 0x0000000003282800 Uncommon trap: reason=unstable_if action=reinterpret pc=0x00000000036978d0 method=sun.net.www.ParseUtil.encodePath(Ljava/lang/String;Z)Ljava/lang/String; @ 44
Event: 0.584 Thread 0x0000000003282800 Uncommon trap: reason=class_check action=maybe_recompile pc=0x000000000354ed44 method=java.lang.String.equals(Ljava/lang/Object;)Z @ 8
Event: 0.586 Thread 0x0000000003282800 Uncommon trap: reason=class_check action=maybe_recompile pc=0x000000000354ed44 method=java.lang.String.equals(Ljava/lang/Object;)Z @ 8
Event: 0.586 Thread 0x0000000003282800 Uncommon trap: reason=class_check action=maybe_recompile pc=0x000000000354ed44 method=java.lang.String.equals(Ljava/lang/Object;)Z @ 8
Event: 0.589 Thread 0x0000000003282800 Uncommon trap: reason=class_check action=maybe_recompile pc=0x000000000354ed44 method=java.lang.String.equals(Ljava/lang/Object;)Z @ 8
Event: 0.610 Thread 0x0000000003282800 Uncommon trap: reason=unstable_if action=reinterpret pc=0x00000000037119c0 method=java.util.Properties$LineReader.readLine()I @ 246
Event: 0.658 Thread 0x0000000003282800 Uncommon trap: reason=unstable_if action=reinterpret pc=0x00000000036a91b4 method=java.io.WinNTFileSystem.normalize(Ljava/lang/String;)Ljava/lang/String; @ 128
Event: 0.703 Thread 0x0000000003282800 Uncommon trap: reason=unstable_if action=reinterpret pc=0x0000000003742a48 method=java.util.Properties$LineReader.readLine()I @ 105
Event: 0.724 Thread 0x0000000003282800 Uncommon trap: reason=range_check action=make_not_entrant pc=0x0000000003614368 method=sun.reflect.generics.parser.SignatureParser.current()C @ 34

Classes redefined (0 events):
No events

Internal exceptions (10 events):
Event: 0.537 Thread 0x0000000003282800 Exception <a 'java/io/FileNotFoundException'> (0x000000076d1a3d50) thrown at [C:\re\workspace\8-2-build-windows-amd64-cygwin\jdk8u212\12974\hotspot\src\share\vm\prims\jni.cpp, line 710]
Event: 0.556 Thread 0x0000000003282800 Exception <a 'java/lang/NoSuchMethodError': org.slf4j.impl.StaticMDCBinder.getSingleton()Lorg/slf4j/impl/StaticMDCBinder;> (0x000000076d37b680) thrown at [C:\re\workspace\8-2-build-windows-amd64-cygwin\jdk8u212\12974\hotspot\src\share\vm\interpreter\linkR
Event: 0.703 Thread 0x0000000003282800 Implicit null exception at 0x0000000003742236 to 0x0000000003742a15
Event: 0.711 Thread 0x0000000003282800 Exception <a 'java/lang/NoSuchMethodError': java.lang.Object.lambda$static$0(Ljava/lang/Object;)Ljava/lang/Object;> (0x000000076e79bd60) thrown at [C:\re\workspace\8-2-build-windows-amd64-cygwin\jdk8u212\12974\hotspot\src\share\vm\interpreter\linkResolver
Event: 0.724 Thread 0x0000000003282800 Exception <a 'java/lang/ArrayIndexOutOfBoundsException': 18> (0x000000076e9c6050) thrown at [C:\re\workspace\8-2-build-windows-amd64-cygwin\jdk8u212\12974\hotspot\src\share\vm\interpreter\interpreterRuntime.cpp, line 368]
Event: 0.724 Thread 0x0000000003282800 Exception <a 'java/lang/ArrayIndexOutOfBoundsException': 182> (0x000000076e9c7f58) thrown at [C:\re\workspace\8-2-build-windows-amd64-cygwin\jdk8u212\12974\hotspot\src\share\vm\interpreter\interpreterRuntime.cpp, line 368]
Event: 0.725 Thread 0x0000000003282800 Exception <a 'java/lang/ArrayIndexOutOfBoundsException': 60> (0x000000076e9c9588) thrown at [C:\re\workspace\8-2-build-windows-amd64-cygwin\jdk8u212\12974\hotspot\src\share\vm\interpreter\interpreterRuntime.cpp, line 368]
Event: 0.811 Thread 0x0000000003282800 Exception <a 'java/lang/IncompatibleClassChangeError': Found class java.lang.Object, but interface was expected> (0x000000076b867d68) thrown at [C:\re\workspace\8-2-build-windows-amd64-cygwin\jdk8u212\12974\hotspot\src\share\vm\interpreter\linkResolver.cp
Event: 0.820 Thread 0x0000000003282800 Exception <a 'java/lang/NoSuchMethodError': java.lang.Object.lambda$static$0(Lorg/springframework/boot/WebApplicationType;)Lorg/springframework/context/ConfigurableApplicationContext;> (0x000000076b987d98) thrown at [C:\re\workspace\8-2-build-windows-amd6
Event: 0.831 Thread 0x0000000003282800 Exception <a 'java/lang/NoSuchMethodError': java.lang.Object.fromSpringFactories(Ljava/lang/ClassLoader;)Lorg/springframework/boot/env/EnvironmentPostProcessorsFactory;> (0x000000076bb184c8) thrown at [C:\re\workspace\8-2-build-windows-amd64-cygwin\jdk8u2

Events (10 events):
Event: 0.831 loading class org/springframework/boot/env/EnvironmentPostProcessorsFactory
Event: 0.831 loading class org/springframework/boot/env/EnvironmentPostProcessorsFactory done
Event: 0.831 loading class org/springframework/boot/env/EnvironmentPostProcessorsFactory
Event: 0.831 loading class org/springframework/boot/env/EnvironmentPostProcessorsFactory done
Event: 0.831 loading class org/springframework/boot/logging/DeferredLog$Lines
Event: 0.831 loading class org/springframework/boot/logging/DeferredLog$Lines done
Event: 0.831 loading class org/springframework/boot/autoconfigure/BackgroundPreinitializer
Event: 0.831 loading class org/springframework/boot/autoconfigure/BackgroundPreinitializer done
Event: 0.832 loading class org/springframework/core/NativeDetector
Event: 0.832 loading class org/springframework/core/NativeDetector done


Dynamic libraries:
0x00007ff7fa210000 - 0x00007ff7fa247000 	C:\Program Files\Java\jdk1.8.0_212\jre\bin\java.exe
0x00007ffc756c0000 - 0x00007ffc758b0000 	C:\WINDOWS\SYSTEM32\ntdll.dll
0x00007ffc74cd0000 - 0x00007ffc74d82000 	C:\WINDOWS\System32\KERNEL32.DLL
0x00007ffc72b50000 - 0x00007ffc72df5000 	C:\WINDOWS\System32\KERNELBASE.dll
0x00007ffc73c70000 - 0x00007ffc73d13000 	C:\WINDOWS\System32\ADVAPI32.dll
0x00007ffc74f10000 - 0x00007ffc74fae000 	C:\WINDOWS\System32\msvcrt.dll
0x00007ffc74df0000 - 0x00007ffc74e87000 	C:\WINDOWS\System32\sechost.dll
0x00007ffc745b0000 - 0x00007ffc746cf000 	C:\WINDOWS\System32\RPCRT4.dll
0x00007ffc74870000 - 0x00007ffc74a04000 	C:\WINDOWS\System32\USER32.dll
0x00007ffc736f0000 - 0x00007ffc73711000 	C:\WINDOWS\System32\win32u.dll
0x00007ffc73d20000 - 0x00007ffc73d46000 	C:\WINDOWS\System32\GDI32.dll
0x00007ffc72630000 - 0x00007ffc727c8000 	C:\WINDOWS\System32\gdi32full.dll
0x00007ffc729b0000 - 0x00007ffc72a4e000 	C:\WINDOWS\System32\msvcp_win.dll
0x00007ffc72a50000 - 0x00007ffc72b4a000 	C:\WINDOWS\System32\ucrtbase.dll
0x00007ffc50870000 - 0x00007ffc50af4000 	C:\WINDOWS\WinSxS\amd64_microsoft.windows.common-controls_6595b64144ccf1df_6.0.18362.1556_none_9e7e372fe45e41d5\COMCTL32.dll
0x00007ffc750c0000 - 0x00007ffc753f6000 	C:\WINDOWS\System32\combase.dll
0x00007ffc73660000 - 0x00007ffc736e1000 	C:\WINDOWS\System32\bcryptPrimitives.dll
0x00007ffc74fb0000 - 0x00007ffc74fde000 	C:\WINDOWS\System32\IMM32.DLL
0x000000006cd30000 - 0x000000006ce02000 	C:\Program Files\Java\jdk1.8.0_212\jre\bin\msvcr100.dll
0x000000006c480000 - 0x000000006cd25000 	C:\Program Files\Java\jdk1.8.0_212\jre\bin\server\jvm.dll
0x00007ffc73be0000 - 0x00007ffc73be8000 	C:\WINDOWS\System32\PSAPI.DLL
0x00007ffc4f4e0000 - 0x00007ffc4f4e9000 	C:\WINDOWS\SYSTEM32\WSOCK32.dll
0x00007ffc6f860000 - 0x00007ffc6f884000 	C:\WINDOWS\SYSTEM32\WINMM.dll
0x00007ffc6a970000 - 0x00007ffc6a97a000 	C:\WINDOWS\SYSTEM32\VERSION.dll
0x00007ffc74c60000 - 0x00007ffc74ccf000 	C:\WINDOWS\System32\WS2_32.dll
0x00007ffc6f7f0000 - 0x00007ffc6f81d000 	C:\WINDOWS\SYSTEM32\winmmbase.dll
0x00007ffc73720000 - 0x00007ffc7376a000 	C:\WINDOWS\System32\cfgmgr32.dll
0x00007ffc45dc0000 - 0x00007ffc45dcf000 	C:\Program Files\Java\jdk1.8.0_212\jre\bin\verify.dll
0x00007ffc33a10000 - 0x00007ffc33a39000 	C:\Program Files\Java\jdk1.8.0_212\jre\bin\java.dll
0x00007ffc3c200000 - 0x00007ffc3c216000 	C:\Program Files\Java\jdk1.8.0_212\jre\bin\zip.dll
0x00007ffc73d50000 - 0x00007ffc74437000 	C:\WINDOWS\System32\SHELL32.dll
0x00007ffc74440000 - 0x00007ffc744e8000 	C:\WINDOWS\System32\shcore.dll
0x00007ffc72e00000 - 0x00007ffc7357b000 	C:\WINDOWS\System32\windows.storage.dll
0x00007ffc725a0000 - 0x00007ffc725be000 	C:\WINDOWS\System32\profapi.dll
0x00007ffc725e0000 - 0x00007ffc7262a000 	C:\WINDOWS\System32\powrprof.dll
0x00007ffc72570000 - 0x00007ffc72580000 	C:\WINDOWS\System32\UMPDC.dll
0x00007ffc74e90000 - 0x00007ffc74ee2000 	C:\WINDOWS\System32\shlwapi.dll
0x00007ffc725c0000 - 0x00007ffc725d1000 	C:\WINDOWS\System32\kernel.appcore.dll
0x00007ffc72830000 - 0x00007ffc72847000 	C:\WINDOWS\System32\cryptsp.dll
0x00007ffc64630000 - 0x00007ffc6463d000 	C:\Program Files\Java\jdk1.8.0_212\jre\bin\management.dll
0x00007ffc36e20000 - 0x00007ffc36e3a000 	C:\Program Files\Java\jdk1.8.0_212\jre\bin\net.dll
0x00007ffc62df0000 - 0x00007ffc62fc7000 	C:\WINDOWS\SYSTEM32\urlmon.dll
0x00007ffc63dd0000 - 0x00007ffc64077000 	C:\WINDOWS\SYSTEM32\iertutil.dll
0x00007ffc71e80000 - 0x00007ffc71e8c000 	C:\WINDOWS\SYSTEM32\CRYPTBASE.DLL
0x00007ffc71d00000 - 0x00007ffc71d67000 	C:\WINDOWS\system32\mswsock.dll
0x00007ffc33970000 - 0x00007ffc33982000 	C:\Program Files\Java\jdk1.8.0_212\jre\bin\nio.dll

VM Arguments:
java_command: C:\Users\LEMONG~1\AppData\Local\Temp\surefire7128927161858811820\surefirebooter5348091171907155280.jar C:\Users\Lemongrass\AppData\Local\Temp\surefire7128927161858811820 2022-12-19T04-10-39_105-jvmRun1 surefire4701242045676754964tmp surefire_04354196053154161271tmp
java_class_path (initial): C:\Users\LEMONG~1\AppData\Local\Temp\surefire7128927161858811820\surefirebooter5348091171907155280.jar
Launcher Type: SUN_STANDARD

Environment Variables:
JAVA_HOME=C:\Program Files\Java\jdk1.8.0_212
PATH=C:\Program Files (x86)\Common Files\Oracle\Java\javapath;C:\Program Files (x86)\NVIDIA Corporation\PhysX\Common;C:\WINDOWS\system32;C:\WINDOWS;C:\WINDOWS\System32\Wbem;C:\WINDOWS\System32\WindowsPowerShell\v1.0\;C:\Program Files (x86)\Universal Extractor;C:\Program Files (x86)\Universal Extractor\bin;C:\WINDOWS\System32\OpenSSH\;C:\Program Files\Git\cmd;C:\Gradle\gradle-6.0.1\bin;C:\Program Files\Java\jdk1.8.0_212\bin;C:\Program Files\nodejs\;C:\Maven\bin;C:\Program Files (x86)\Pulse Secure\VC142.CRT\X64\;C:\Program Files (x86)\Pulse Secure\VC142.CRT\X86\;C:\Program Files\PuTTY\;C:\Program Files\Docker\Docker\resources\bin;C:\ProgramData\DockerDesktop\version-bin;C:\Program Files\MySQL\MySQL Shell 8.0\bin\;C:\Users\Lemongrass\AppData\Local\Programs\Python\Python37-32\Scripts\;C:\Users\Lemongrass\AppData\Local\Programs\Python\Python37-32\;C:\Users\Lemongrass\AppData\Local\Microsoft\WindowsApps;C:\Program Files\JetBrains\PyCharm Community Edition 2018.3.4\bin;C:\Gradle\gradle-6.0.1\bin;C:\Users\Lemongrass\AppData\Local\GitHubDesktop\bin;C:\Users\Lemongrass\AppData\Local\Programs\Microsoft VS Code\bin;C:\Users\Lemongrass\AppData\Roaming\npm;C:\Users\Lemongrass\AppData\Local\Microsoft\WindowsApps;C:\Program Files\heroku\bin;D:\Program Files\JetBrains\IntelliJ IDEA 2022.2.3\bin;
USERNAME=Lemongrass
OS=Windows_NT
PROCESSOR_IDENTIFIER=Intel64 Family 6 Model 94 Stepping 3, GenuineIntel



---------------  S Y S T E M  ---------------

OS: Windows 10.0 , 64 bit Build 18362 (10.0.18362.1500)

CPU:total 8 (initial active 8) (4 cores per cpu, 2 threads per core) family 6 model 94 stepping 3, cmov, cx8, fxsr, mmx, sse, sse2, sse3, ssse3, sse4.1, sse4.2, popcnt, avx, avx2, aes, clmul, erms, rtm, 3dnowpref, lzcnt, ht, tsc, tscinvbit, bmi1, bmi2, adx

Memory: 4k page, physical 16725856k(2657860k free), swap 25150700k(5384k free)

vm_info: Java HotSpot(TM) 64-Bit Server VM (25.212-b10) for windows-amd64 JRE (1.8.0_212-b10), built on Apr  1 2019 22:50:23 by "java_re" with MS VC++ 10.0 (VS2010)

time: Mon Dec 19 04:10:40 2022
timezone: RTZ 2 (зима)
elapsed time: 0 seconds (0d 0h 0m 0s)

