#
# There is insufficient memory for the Java Runtime Environment to continue.
# Native memory allocation (mmap) failed to map 268435456 bytes for Failed to commit area from 0x0000000700c00000 to 0x0000000710c00000 of length 268435456.
# Possible reasons:
#   The system is out of physical RAM or swap space
#   The process is running with CompressedOops enabled, and the Java Heap may be blocking the growth of the native heap
# Possible solutions:
#   Reduce memory load on the system
#   Increase physical memory or swap space
#   Check if swap backing store is full
#   Decrease Java heap size (-Xmx/-Xms)
#   Decrease number of Java threads
#   Decrease Java thread stack sizes (-Xss)
#   Set larger code cache with -XX:ReservedCodeCacheSize=
# This output file may be truncated or incomplete.
#
#  Out of Memory Error (./open/src/hotspot/os/windows/os_windows.cpp:3271), pid=2728, tid=16100
#
# JRE version:  (11.0.7+8) (build )
# Java VM: Java HotSpot(TM) 64-Bit Server VM (11.0.7+8-LTS, mixed mode, sharing, tiered, compressed oops, g1 gc, windows-amd64)
# No core dump will be written. Minidumps are not enabled by default on client versions of Windows
#

---------------  S U M M A R Y ------------

Command Line: C:\Users\LEMONG~1\AppData\Local\Temp\surefire4548399120338871782\surefirebooter10813930572535826113.jar C:\Users\Lemongrass\AppData\Local\Temp\surefire4548399120338871782 2022-12-18T21-37-23_017-jvmRun1 surefire8428137841478030682tmp surefire_09010306268879771362tmp

Host: Intel(R) Core(TM) i7-6700K CPU @ 4.00GHz, 8 cores, 15G,  Windows 10 , 64 bit Build 18362 (10.0.18362.1500)
Time: Sun Dec 18 21:37:23 2022 RTZ 2 (ceia) elapsed time: 0 seconds (0d 0h 0m 0s)

---------------  T H R E A D  ---------------

Current thread (0x000001845282a000):  JavaThread "Unknown thread" [_thread_in_vm, id=16100, stack(0x0000004e84000000,0x0000004e84100000)]

Stack: [0x0000004e84000000,0x0000004e84100000]
Native frames: (J=compiled Java code, j=interpreted, Vv=VM code, C=native code)
V  [jvm.dll+0x661a7a]
V  [jvm.dll+0x7a1b2f]
V  [jvm.dll+0x7a31d5]
V  [jvm.dll+0x7a3843]
V  [jvm.dll+0x25f1a8]
V  [jvm.dll+0x65ee8a]
V  [jvm.dll+0x653865]
V  [jvm.dll+0x316adc]
V  [jvm.dll+0x316962]
V  [jvm.dll+0x31c1d6]
V  [jvm.dll+0x3688af]
V  [jvm.dll+0x3682d0]
V  [jvm.dll+0x2f3888]
V  [jvm.dll+0x2f49e6]
V  [jvm.dll+0x77ac57]
V  [jvm.dll+0x77c52f]
V  [jvm.dll+0x3755a9]
V  [jvm.dll+0x75fe6e]
V  [jvm.dll+0x3e5b7d]
V  [jvm.dll+0x3e8091]
C  [java.exe+0x3607]
C  [java.exe+0x178dc]
C  [KERNEL32.DLL+0x17c24]
C  [ntdll.dll+0x6d721]


---------------  P R O C E S S  ---------------

Threads class SMR info:
_java_thread_list=0x0000018452757880, length=0, elements={
}

Java Threads: ( => current thread )

Other Threads:
  0x00000184548fa800 GCTaskThread "GC Thread#0" [stack: 0x0000004e84100000,0x0000004e84200000] [id=9104]
  0x0000018454959000 ConcurrentGCThread "G1 Main Marker" [stack: 0x0000004e84200000,0x0000004e84300000] [id=14476]
  0x000001845495a000 ConcurrentGCThread "G1 Conc#0" [stack: 0x0000004e84300000,0x0000004e84400000] [id=22780]

[error occurred during error reporting (printing all threads), id 0xc0000005, EXCEPTION_ACCESS_VIOLATION (0xc0000005) at pc=0x00007ffc2c002047]

VM state:not at safepoint (not fully initialized)

VM Mutex/Monitor currently owned by a thread:  ([mutex/lock_event])
[0x00000184548e6e10] Heap_lock - owner thread: 0x000001845282a000

Heap address: 0x0000000700c00000, size: 4084 MB, Compressed Oops mode: Non-zero based: 0x0000000700c00000
Narrow klass base: 0x0000000000000000, Narrow klass shift: 0

GC Heap History (0 events):
No events

Deoptimization events (0 events):
No events

Classes redefined (0 events):
No events

Internal exceptions (0 events):
No events

Events (0 events):
No events


Dynamic libraries:
0x00007ff61bfa0000 - 0x00007ff61bfe7000 	C:\Program Files\Java\jdk-11.0.7\bin\java.exe
0x00007ffc756c0000 - 0x00007ffc758b0000 	C:\WINDOWS\SYSTEM32\ntdll.dll
0x00007ffc74cd0000 - 0x00007ffc74d82000 	C:\WINDOWS\System32\KERNEL32.DLL
0x00007ffc72b50000 - 0x00007ffc72df5000 	C:\WINDOWS\System32\KERNELBASE.dll
0x00007ffc73c70000 - 0x00007ffc73d13000 	C:\WINDOWS\System32\ADVAPI32.dll
0x00007ffc74f10000 - 0x00007ffc74fae000 	C:\WINDOWS\System32\msvcrt.dll
0x00007ffc74df0000 - 0x00007ffc74e87000 	C:\WINDOWS\System32\sechost.dll
0x00007ffc745b0000 - 0x00007ffc746cf000 	C:\WINDOWS\System32\RPCRT4.dll
0x00007ffc74870000 - 0x00007ffc74a04000 	C:\WINDOWS\System32\USER32.dll
0x00007ffc736f0000 - 0x00007ffc73711000 	C:\WINDOWS\System32\win32u.dll
0x00007ffc73d20000 - 0x00007ffc73d46000 	C:\WINDOWS\System32\GDI32.dll
0x00007ffc72630000 - 0x00007ffc727c8000 	C:\WINDOWS\System32\gdi32full.dll
0x00007ffc729b0000 - 0x00007ffc72a4e000 	C:\WINDOWS\System32\msvcp_win.dll
0x00007ffc72a50000 - 0x00007ffc72b4a000 	C:\WINDOWS\System32\ucrtbase.dll
0x00007ffc50870000 - 0x00007ffc50af4000 	C:\WINDOWS\WinSxS\amd64_microsoft.windows.common-controls_6595b64144ccf1df_6.0.18362.1556_none_9e7e372fe45e41d5\COMCTL32.dll
0x00007ffc6a970000 - 0x00007ffc6a97a000 	C:\WINDOWS\SYSTEM32\VERSION.dll
0x00007ffc750c0000 - 0x00007ffc753f6000 	C:\WINDOWS\System32\combase.dll
0x00007ffc73660000 - 0x00007ffc736e1000 	C:\WINDOWS\System32\bcryptPrimitives.dll
0x00007ffc74fb0000 - 0x00007ffc74fde000 	C:\WINDOWS\System32\IMM32.DLL
0x00007ffc4b380000 - 0x00007ffc4b396000 	C:\Program Files\Java\jdk-11.0.7\bin\vcruntime140.dll
0x00007ffc32f80000 - 0x00007ffc3302a000 	C:\Program Files\Java\jdk-11.0.7\bin\msvcp140.dll
0x00007ffc2bd00000 - 0x00007ffc2c861000 	C:\Program Files\Java\jdk-11.0.7\bin\server\jvm.dll
0x00007ffc73be0000 - 0x00007ffc73be8000 	C:\WINDOWS\System32\PSAPI.DLL
0x00007ffc6f860000 - 0x00007ffc6f884000 	C:\WINDOWS\SYSTEM32\WINMM.dll
0x00007ffc4f4e0000 - 0x00007ffc4f4e9000 	C:\WINDOWS\SYSTEM32\WSOCK32.dll
0x00007ffc74c60000 - 0x00007ffc74ccf000 	C:\WINDOWS\System32\WS2_32.dll
0x00007ffc6f7f0000 - 0x00007ffc6f81d000 	C:\WINDOWS\SYSTEM32\winmmbase.dll
0x00007ffc73720000 - 0x00007ffc7376a000 	C:\WINDOWS\System32\cfgmgr32.dll
0x00007ffc725c0000 - 0x00007ffc725d1000 	C:\WINDOWS\System32\kernel.appcore.dll
0x00007ffc4b220000 - 0x00007ffc4b231000 	C:\Program Files\Java\jdk-11.0.7\bin\verify.dll
0x00007ffc6b0d0000 - 0x00007ffc6b2c4000 	C:\WINDOWS\SYSTEM32\DBGHELP.DLL
0x00007ffc631c0000 - 0x00007ffc631ea000 	C:\WINDOWS\SYSTEM32\dbgcore.DLL
0x00007ffc3ceb0000 - 0x00007ffc3ced9000 	C:\Program Files\Java\jdk-11.0.7\bin\java.dll
0x00007ffc50b80000 - 0x00007ffc50b8a000 	C:\Program Files\Java\jdk-11.0.7\bin\jimage.dll
0x00007ffc45f20000 - 0x00007ffc45f36000 	C:\Program Files\Java\jdk-11.0.7\bin\zip.dll

dbghelp: loaded successfully - version: 4.0.5 - missing functions: none
symbol engine: initialized successfully - sym options: 0x614 - pdb path: .;C:\Program Files\Java\jdk-11.0.7\bin;C:\WINDOWS\SYSTEM32;C:\WINDOWS\WinSxS\amd64_microsoft.windows.common-controls_6595b64144ccf1df_6.0.18362.1556_none_9e7e372fe45e41d5;C:\Program Files\Java\jdk-11.0.7\bin\server

VM Arguments:
java_command: C:\Users\LEMONG~1\AppData\Local\Temp\surefire4548399120338871782\surefirebooter10813930572535826113.jar C:\Users\Lemongrass\AppData\Local\Temp\surefire4548399120338871782 2022-12-18T21-37-23_017-jvmRun1 surefire8428137841478030682tmp surefire_09010306268879771362tmp
java_class_path (initial): C:\Users\LEMONG~1\AppData\Local\Temp\surefire4548399120338871782\surefirebooter10813930572535826113.jar
Launcher Type: SUN_STANDARD

[Global flags]
     intx CICompilerCount                          = 4                                         {product} {ergonomic}
     uint ConcGCThreads                            = 2                                         {product} {ergonomic}
     uint G1ConcRefinementThreads                  = 8                                         {product} {ergonomic}
   size_t G1HeapRegionSize                         = 1048576                                   {product} {ergonomic}
    uintx GCDrainStackTargetSize                   = 64                                        {product} {ergonomic}
   size_t InitialHeapSize                          = 268435456                                 {product} {ergonomic}
   size_t MarkStackSize                            = 4194304                                   {product} {ergonomic}
   size_t MaxHeapSize                              = 4282384384                                {product} {ergonomic}
   size_t MinHeapDeltaBytes                        = 1048576                                   {product} {ergonomic}
    uintx NonNMethodCodeHeapSize                   = 5836300                                {pd product} {ergonomic}
    uintx NonProfiledCodeHeapSize                  = 122910970                              {pd product} {ergonomic}
    uintx ProfiledCodeHeapSize                     = 122910970                              {pd product} {ergonomic}
    uintx ReservedCodeCacheSize                    = 251658240                              {pd product} {ergonomic}
     bool SegmentedCodeCache                       = true                                      {product} {ergonomic}
     bool UseCompressedClassPointers               = true                                 {lp64_product} {ergonomic}
     bool UseCompressedOops                        = true                                 {lp64_product} {ergonomic}
     bool UseG1GC                                  = true                                      {product} {ergonomic}
     bool UseLargePagesIndividualAllocation        = false                                  {pd product} {ergonomic}

Logging:
Log output configuration:
 #0: stdout all=warning uptime,level,tags
 #1: stderr all=off uptime,level,tags

Environment Variables:
JAVA_HOME=C:\Program Files\Java\jdk1.8.0_212
PATH=C:\Program Files (x86)\Common Files\Oracle\Java\javapath;C:\Program Files (x86)\NVIDIA Corporation\PhysX\Common;C:\WINDOWS\system32;C:\WINDOWS;C:\WINDOWS\System32\Wbem;C:\WINDOWS\System32\WindowsPowerShell\v1.0\;C:\Program Files (x86)\Universal Extractor;C:\Program Files (x86)\Universal Extractor\bin;C:\WINDOWS\System32\OpenSSH\;C:\Program Files\Git\cmd;C:\Gradle\gradle-6.0.1\bin;C:\Program Files\Java\jdk1.8.0_212\bin;C:\Program Files\nodejs\;C:\Maven\bin;C:\Program Files (x86)\Pulse Secure\VC142.CRT\X64\;C:\Program Files (x86)\Pulse Secure\VC142.CRT\X86\;C:\Program Files\PuTTY\;C:\Program Files\Docker\Docker\resources\bin;C:\ProgramData\DockerDesktop\version-bin;C:\Program Files\MySQL\MySQL Shell 8.0\bin\;C:\Users\Lemongrass\AppData\Local\Programs\Python\Python37-32\Scripts\;C:\Users\Lemongrass\AppData\Local\Programs\Python\Python37-32\;C:\Users\Lemongrass\AppData\Local\Microsoft\WindowsApps;C:\Program Files\JetBrains\PyCharm Community Edition 2018.3.4\bin;C:\Gradle\gradle-6.0.1\bin;C:\Users\Lemongrass\AppData\Local\GitHubDesktop\bin;C:\Users\Lemongrass\AppData\Local\Programs\Microsoft VS Code\bin;C:\Users\Lemongrass\AppData\Roaming\npm;C:\Users\Lemongrass\AppData\Local\Microsoft\WindowsApps;C:\Program Files\heroku\bin;D:\Program Files\JetBrains\IntelliJ IDEA 2022.2.3\bin;
USERNAME=Lemongrass
OS=Windows_NT
PROCESSOR_IDENTIFIER=Intel64 Family 6 Model 94 Stepping 3, GenuineIntel



---------------  S Y S T E M  ---------------

OS: Windows 10 , 64 bit Build 18362 (10.0.18362.1500)

CPU:total 8 (initial active 8) (4 cores per cpu, 2 threads per core) family 6 model 94 stepping 3, cmov, cx8, fxsr, mmx, sse, sse2, sse3, ssse3, sse4.1, sse4.2, popcnt, avx, avx2, aes, clmul, erms, rtm, 3dnowpref, lzcnt, ht, tsc, tscinvbit, bmi1, bmi2, adx, fma

Memory: 4k page, system-wide physical 16333M (2439M free)
TotalPageFile size 26052M (AvailPageFile size 231M)
current process WorkingSet (physical memory assigned to process): 10M, peak: 10M
current process commit charge ("private bytes"): 60M, peak: 316M

vm_info: Java HotSpot(TM) 64-Bit Server VM (11.0.7+8-LTS) for windows-amd64 JRE (11.0.7+8-LTS), built on Mar 12 2020 02:04:32 by "mach5one" with MS VC++ 15.5 (VS2017)

END.
