#
# There is insufficient memory for the Java Runtime Environment to continue.
# Native memory allocation (malloc) failed to allocate 1020656 bytes for Chunk::new
# Possible reasons:
#   The system is out of physical RAM or swap space
#   The process is running with CompressedOops enabled, and the Java Heap may be blocking the growth of the native heap
# Possible solutions:
#   Reduce memory load on the system
#   Increase physical memory or swap space
#   Check if swap backing store is full
#   Decrease Java heap size (-Xmx/-Xms)
#   Decrease number of Java threads
#   Decrease Java thread stack sizes (-Xss)
#   Set larger code cache with -XX:ReservedCodeCacheSize=
#   JVM is running with Zero Based Compressed Oops mode in which the Java heap is
#     placed in the first 32GB address space. The Java Heap base address is the
#     maximum limit for the native heap growth. Please use -XX:HeapBaseMinAddress
#     to set the Java Heap base and to place the Java Heap above 32GB virtual address.
# This output file may be truncated or incomplete.
#
#  Out of Memory Error (./open/src/hotspot/share/memory/arena.cpp:197), pid=17772, tid=19664
#
# JRE version: Java(TM) SE Runtime Environment 18.9 (11.0.7+8) (build 11.0.7+8-LTS)
# Java VM: Java HotSpot(TM) 64-Bit Server VM 18.9 (11.0.7+8-LTS, mixed mode, tiered, compressed oops, g1 gc, windows-amd64)
# No core dump will be written. Minidumps are not enabled by default on client versions of Windows
#

---------------  S U M M A R Y ------------

Command Line: C:\Users\LEMONG~1\AppData\Local\Temp\surefire14474645541335747262\surefirebooter12702044903988565553.jar C:\Users\Lemongrass\AppData\Local\Temp\surefire14474645541335747262 2022-12-18T21-36-31_770-jvmRun1 surefire4182205764474491975tmp surefire_06915065466541403538tmp

Host: Intel(R) Core(TM) i7-6700K CPU @ 4.00GHz, 8 cores, 15G,  Windows 10 , 64 bit Build 18362 (10.0.18362.1500)
Time: Sun Dec 18 21:36:36 2022 RTZ 2 (ceia) elapsed time: 3 seconds (0d 0h 0m 3s)

---------------  T H R E A D  ---------------

Current thread (0x000001c92bafa800):  JavaThread "C2 CompilerThread1" daemon [_thread_in_native, id=19664, stack(0x0000003b42300000,0x0000003b42400000)]


Current CompileTask:
C2:   3800 4208       4       org.springframework.beans.factory.support.AbstractBeanFactory::isTypeMatch (607 bytes)

Stack: [0x0000003b42300000,0x0000003b42400000]
Native frames: (J=compiled Java code, j=interpreted, Vv=VM code, C=native code)
V  [jvm.dll+0x661a7a]
V  [jvm.dll+0x7a1b2f]
V  [jvm.dll+0x7a31d5]
V  [jvm.dll+0x7a3843]
V  [jvm.dll+0x25f1a8]
V  [jvm.dll+0xc2441]
V  [jvm.dll+0xc29cc]
V  [jvm.dll+0x2d0f84]
V  [jvm.dll+0x57d74f]
V  [jvm.dll+0x21a83f]
V  [jvm.dll+0x217766]
V  [jvm.dll+0x19407c]
V  [jvm.dll+0x226c74]
V  [jvm.dll+0x224e98]
V  [jvm.dll+0x765e25]
V  [jvm.dll+0x75e875]
V  [jvm.dll+0x660b26]
C  [ucrtbase.dll+0x210b2]
C  [KERNEL32.DLL+0x17c24]
C  [ntdll.dll+0x6d721]


---------------  P R O C E S S  ---------------

Threads class SMR info:
_java_thread_list=0x000001c92bfff6e0, length=18, elements={
0x000001c9041c9000, 0x000001c929b61000, 0x000001c929b6a000, 0x000001c92a46c800,
0x000001c92a46e800, 0x000001c92a470000, 0x000001c929b7c800, 0x000001c92a4c9800,
0x000001c92a5e1000, 0x000001c92a5e9000, 0x000001c92a6b0000, 0x000001c92a5e4000,
0x000001c92bafa800, 0x000001c93060c000, 0x000001c930938000, 0x000001c92ef26000,
0x000001c92ed8e800, 0x000001c92ea6b800
}

Java Threads: ( => current thread )
  0x000001c9041c9000 JavaThread "main" [_thread_in_Java, id=18952, stack(0x0000003b41000000,0x0000003b41100000)]
  0x000001c929b61000 JavaThread "Reference Handler" daemon [_thread_blocked, id=16812, stack(0x0000003b41700000,0x0000003b41800000)]
  0x000001c929b6a000 JavaThread "Finalizer" daemon [_thread_blocked, id=3768, stack(0x0000003b41800000,0x0000003b41900000)]
  0x000001c92a46c800 JavaThread "Signal Dispatcher" daemon [_thread_blocked, id=16636, stack(0x0000003b41900000,0x0000003b41a00000)]
  0x000001c92a46e800 JavaThread "Attach Listener" daemon [_thread_blocked, id=23784, stack(0x0000003b41a00000,0x0000003b41b00000)]
  0x000001c92a470000 JavaThread "C2 CompilerThread0" daemon [_thread_in_native, id=22640, stack(0x0000003b41b00000,0x0000003b41c00000)]
  0x000001c929b7c800 JavaThread "C1 CompilerThread0" daemon [_thread_blocked, id=17472, stack(0x0000003b41c00000,0x0000003b41d00000)]
  0x000001c92a4c9800 JavaThread "Sweeper thread" daemon [_thread_blocked, id=9816, stack(0x0000003b41d00000,0x0000003b41e00000)]
  0x000001c92a5e1000 JavaThread "Service Thread" daemon [_thread_blocked, id=11136, stack(0x0000003b41e00000,0x0000003b41f00000)]
  0x000001c92a5e9000 JavaThread "Common-Cleaner" daemon [_thread_blocked, id=16568, stack(0x0000003b42000000,0x0000003b42100000)]
  0x000001c92a6b0000 JavaThread "surefire-forkedjvm-command-thread" daemon [_thread_in_native, id=5648, stack(0x0000003b42100000,0x0000003b42200000)]
  0x000001c92a5e4000 JavaThread "surefire-forkedjvm-ping-30s" daemon [_thread_blocked, id=17064, stack(0x0000003b42200000,0x0000003b42300000)]
=>0x000001c92bafa800 JavaThread "C2 CompilerThread1" daemon [_thread_in_native, id=19664, stack(0x0000003b42300000,0x0000003b42400000)]
  0x000001c93060c000 JavaThread "BufferPoolPruner-1-thread-1" daemon [_thread_blocked, id=5844, stack(0x0000003b42400000,0x0000003b42500000)]
  0x000001c930938000 JavaThread "cluster-ClusterId{value='639f5db324159e5b7fb7f342', description='null'}-localhost:27017" daemon [_thread_in_native, id=19404, stack(0x0000003b42b00000,0x0000003b42c00000)]
  0x000001c92ef26000 JavaThread "cluster-rtt-ClusterId{value='639f5db324159e5b7fb7f342', description='null'}-localhost:27017" daemon [_thread_blocked, id=23104, stack(0x0000003b42c00000,0x0000003b42d00000)]
  0x000001c92ed8e800 JavaThread "MaintenanceTimer-2-thread-1" daemon [_thread_blocked, id=15224, stack(0x0000003b42e00000,0x0000003b42f00000)]
  0x000001c92ea6b800 JavaThread "C2 CompilerThread2" daemon [_thread_in_native, id=21804, stack(0x0000003b42f00000,0x0000003b43000000)]

Other Threads:
  0x000001c929b5c800 VMThread "VM Thread" [stack: 0x0000003b41600000,0x0000003b41700000] [id=13360]
  0x000001c92a5e8000 WatcherThread [stack: 0x0000003b41f00000,0x0000003b42000000] [id=16080]
  0x000001c9041da800 GCTaskThread "GC Thread#0" [stack: 0x0000003b41100000,0x0000003b41200000] [id=14064]
  0x000001c92c076800 GCTaskThread "GC Thread#1" [stack: 0x0000003b42500000,0x0000003b42600000] [id=17568]
  0x000001c92be67800 GCTaskThread "GC Thread#2" [stack: 0x0000003b42600000,0x0000003b42700000] [id=8704]
  0x000001c92bad6000 GCTaskThread "GC Thread#3" [stack: 0x0000003b42700000,0x0000003b42800000] [id=9060]
  0x000001c92b6c5800 GCTaskThread "GC Thread#4" [stack: 0x0000003b42800000,0x0000003b42900000] [id=18696]
  0x000001c92b938000 GCTaskThread "GC Thread#5" [stack: 0x0000003b42900000,0x0000003b42a00000] [id=1428]
  0x000001c90423a000 ConcurrentGCThread "G1 Main Marker" [stack: 0x0000003b41200000,0x0000003b41300000] [id=24316]
  0x000001c90423b800 ConcurrentGCThread "G1 Conc#0" [stack: 0x0000003b41300000,0x0000003b41400000] [id=22948]
  0x000001c92c690800 ConcurrentGCThread "G1 Conc#1" [stack: 0x0000003b42a00000,0x0000003b42b00000] [id=6448]
  0x000001c929a47000 ConcurrentGCThread "G1 Refine#0" [stack: 0x0000003b41400000,0x0000003b41500000] [id=15748]
  0x000001c929a48000 ConcurrentGCThread "G1 Young RemSet Sampling" [stack: 0x0000003b41500000,0x0000003b41600000] [id=24332]

Threads with active compile tasks:
C2 CompilerThread04157       4       org.springframework.core.annotation.TypeMappedAnnotations::get (8 bytes)
C2 CompilerThread14208       4       org.springframework.beans.factory.support.AbstractBeanFactory::isTypeMatch (607 bytes)
C2 CompilerThread24198       4       sun.reflect.generics.parser.SignatureParser::parsePackageNameAndSimpleClassTypeSignature (119 bytes)

VM state:not at safepoint (normal execution)

VM Mutex/Monitor currently owned by a thread: None

Heap address: 0x0000000700c00000, size: 4084 MB, Compressed Oops mode: Zero based, Oop shift amount: 3
Narrow klass base: 0x0000000800000000, Narrow klass shift: 0
Compressed class space size: 1073741824 Address: 0x0000000800000000

Heap:
 garbage-first heap   total 262144K, used 25367K [0x0000000700c00000, 0x0000000800000000)
  region size 1024K, 19 young (19456K), 13 survivors (13312K)
 Metaspace       used 46493K, capacity 48165K, committed 48384K, reserved 1091584K
  class space    used 5712K, capacity 6385K, committed 6400K, reserved 1048576K
Heap Regions: E=young(eden), S=young(survivor), O=old, HS=humongous(starts), HC=humongous(continues), CS=collection set, F=free, A=archive, TAMS=top-at-mark-start (previous, next)
|   0|0x0000000700c00000, 0x0000000700d00000, 0x0000000700d00000|100%| O|  |TAMS 0x0000000700d00000, 0x0000000700c00000| Untracked 
|   1|0x0000000700d00000, 0x0000000700e00000, 0x0000000700e00000|100%| O|  |TAMS 0x0000000700e00000, 0x0000000700d00000| Untracked 
|   2|0x0000000700e00000, 0x0000000700f00000, 0x0000000700f00000|100%| O|  |TAMS 0x0000000700f00000, 0x0000000700e00000| Untracked 
|   3|0x0000000700f00000, 0x0000000701000000, 0x0000000701000000|100%| O|  |TAMS 0x0000000701000000, 0x0000000700f00000| Untracked 
|   4|0x0000000701000000, 0x0000000701100000, 0x0000000701100000|100%| O|  |TAMS 0x0000000701100000, 0x0000000701000000| Untracked 
|   5|0x0000000701100000, 0x0000000701200000, 0x0000000701200000|100%| O|  |TAMS 0x0000000701200000, 0x0000000701100000| Untracked 
|   6|0x0000000701200000, 0x00000007012c5e00, 0x0000000701300000| 77%| O|  |TAMS 0x000000070126cc00, 0x0000000701200000| Untracked 
|   7|0x0000000701300000, 0x0000000701300000, 0x0000000701400000|  0%| F|  |TAMS 0x0000000701300000, 0x0000000701300000| Untracked 
|   8|0x0000000701400000, 0x0000000701400000, 0x0000000701500000|  0%| F|  |TAMS 0x0000000701400000, 0x0000000701400000| Untracked 
|   9|0x0000000701500000, 0x0000000701500000, 0x0000000701600000|  0%| F|  |TAMS 0x0000000701500000, 0x0000000701500000| Untracked 
|  10|0x0000000701600000, 0x0000000701600000, 0x0000000701700000|  0%| F|  |TAMS 0x0000000701600000, 0x0000000701600000| Untracked 
|  11|0x0000000701700000, 0x0000000701700000, 0x0000000701800000|  0%| F|  |TAMS 0x0000000701700000, 0x0000000701700000| Untracked 
|  12|0x0000000701800000, 0x0000000701800000, 0x0000000701900000|  0%| F|  |TAMS 0x0000000701800000, 0x0000000701800000| Untracked 
|  13|0x0000000701900000, 0x0000000701900000, 0x0000000701a00000|  0%| F|  |TAMS 0x0000000701900000, 0x0000000701900000| Untracked 
|  14|0x0000000701a00000, 0x0000000701a00000, 0x0000000701b00000|  0%| F|  |TAMS 0x0000000701a00000, 0x0000000701a00000| Untracked 
|  15|0x0000000701b00000, 0x0000000701b00000, 0x0000000701c00000|  0%| F|  |TAMS 0x0000000701b00000, 0x0000000701b00000| Untracked 
|  16|0x0000000701c00000, 0x0000000701c00000, 0x0000000701d00000|  0%| F|  |TAMS 0x0000000701c00000, 0x0000000701c00000| Untracked 
|  17|0x0000000701d00000, 0x0000000701d00000, 0x0000000701e00000|  0%| F|  |TAMS 0x0000000701d00000, 0x0000000701d00000| Untracked 
|  18|0x0000000701e00000, 0x0000000701e00000, 0x0000000701f00000|  0%| F|  |TAMS 0x0000000701e00000, 0x0000000701e00000| Untracked 
|  19|0x0000000701f00000, 0x0000000701f00000, 0x0000000702000000|  0%| F|  |TAMS 0x0000000701f00000, 0x0000000701f00000| Untracked 
|  20|0x0000000702000000, 0x0000000702000000, 0x0000000702100000|  0%| F|  |TAMS 0x0000000702000000, 0x0000000702000000| Untracked 
|  21|0x0000000702100000, 0x0000000702100000, 0x0000000702200000|  0%| F|  |TAMS 0x0000000702100000, 0x0000000702100000| Untracked 
|  22|0x0000000702200000, 0x0000000702200000, 0x0000000702300000|  0%| F|  |TAMS 0x0000000702200000, 0x0000000702200000| Untracked 
|  23|0x0000000702300000, 0x0000000702300000, 0x0000000702400000|  0%| F|  |TAMS 0x0000000702300000, 0x0000000702300000| Untracked 
|  24|0x0000000702400000, 0x0000000702400000, 0x0000000702500000|  0%| F|  |TAMS 0x0000000702400000, 0x0000000702400000| Untracked 
|  25|0x0000000702500000, 0x0000000702500000, 0x0000000702600000|  0%| F|  |TAMS 0x0000000702500000, 0x0000000702500000| Untracked 
|  26|0x0000000702600000, 0x0000000702600000, 0x0000000702700000|  0%| F|  |TAMS 0x0000000702600000, 0x0000000702600000| Untracked 
|  27|0x0000000702700000, 0x0000000702700000, 0x0000000702800000|  0%| F|  |TAMS 0x0000000702700000, 0x0000000702700000| Untracked 
|  28|0x0000000702800000, 0x0000000702800000, 0x0000000702900000|  0%| F|  |TAMS 0x0000000702800000, 0x0000000702800000| Untracked 
|  29|0x0000000702900000, 0x0000000702900000, 0x0000000702a00000|  0%| F|  |TAMS 0x0000000702900000, 0x0000000702900000| Untracked 
|  30|0x0000000702a00000, 0x0000000702a00000, 0x0000000702b00000|  0%| F|  |TAMS 0x0000000702a00000, 0x0000000702a00000| Untracked 
|  31|0x0000000702b00000, 0x0000000702b00000, 0x0000000702c00000|  0%| F|  |TAMS 0x0000000702b00000, 0x0000000702b00000| Untracked 
|  32|0x0000000702c00000, 0x0000000702c00000, 0x0000000702d00000|  0%| F|  |TAMS 0x0000000702c00000, 0x0000000702c00000| Untracked 
|  33|0x0000000702d00000, 0x0000000702d00000, 0x0000000702e00000|  0%| F|  |TAMS 0x0000000702d00000, 0x0000000702d00000| Untracked 
|  34|0x0000000702e00000, 0x0000000702e00000, 0x0000000702f00000|  0%| F|  |TAMS 0x0000000702e00000, 0x0000000702e00000| Untracked 
|  35|0x0000000702f00000, 0x0000000702f00000, 0x0000000703000000|  0%| F|  |TAMS 0x0000000702f00000, 0x0000000702f00000| Untracked 
|  36|0x0000000703000000, 0x0000000703000000, 0x0000000703100000|  0%| F|  |TAMS 0x0000000703000000, 0x0000000703000000| Untracked 
|  37|0x0000000703100000, 0x0000000703100000, 0x0000000703200000|  0%| F|  |TAMS 0x0000000703100000, 0x0000000703100000| Untracked 
|  38|0x0000000703200000, 0x0000000703200000, 0x0000000703300000|  0%| F|  |TAMS 0x0000000703200000, 0x0000000703200000| Untracked 
|  39|0x0000000703300000, 0x0000000703300000, 0x0000000703400000|  0%| F|  |TAMS 0x0000000703300000, 0x0000000703300000| Untracked 
|  40|0x0000000703400000, 0x0000000703400000, 0x0000000703500000|  0%| F|  |TAMS 0x0000000703400000, 0x0000000703400000| Untracked 
|  41|0x0000000703500000, 0x0000000703500000, 0x0000000703600000|  0%| F|  |TAMS 0x0000000703500000, 0x0000000703500000| Untracked 
|  42|0x0000000703600000, 0x0000000703600000, 0x0000000703700000|  0%| F|  |TAMS 0x0000000703600000, 0x0000000703600000| Untracked 
|  43|0x0000000703700000, 0x0000000703700000, 0x0000000703800000|  0%| F|  |TAMS 0x0000000703700000, 0x0000000703700000| Untracked 
|  44|0x0000000703800000, 0x0000000703800000, 0x0000000703900000|  0%| F|  |TAMS 0x0000000703800000, 0x0000000703800000| Untracked 
|  45|0x0000000703900000, 0x0000000703900000, 0x0000000703a00000|  0%| F|  |TAMS 0x0000000703900000, 0x0000000703900000| Untracked 
|  46|0x0000000703a00000, 0x0000000703a00000, 0x0000000703b00000|  0%| F|  |TAMS 0x0000000703a00000, 0x0000000703a00000| Untracked 
|  47|0x0000000703b00000, 0x0000000703b00000, 0x0000000703c00000|  0%| F|  |TAMS 0x0000000703b00000, 0x0000000703b00000| Untracked 
|  48|0x0000000703c00000, 0x0000000703c00000, 0x0000000703d00000|  0%| F|  |TAMS 0x0000000703c00000, 0x0000000703c00000| Untracked 
|  49|0x0000000703d00000, 0x0000000703d00000, 0x0000000703e00000|  0%| F|  |TAMS 0x0000000703d00000, 0x0000000703d00000| Untracked 
|  50|0x0000000703e00000, 0x0000000703e00000, 0x0000000703f00000|  0%| F|  |TAMS 0x0000000703e00000, 0x0000000703e00000| Untracked 
|  51|0x0000000703f00000, 0x0000000703f00000, 0x0000000704000000|  0%| F|  |TAMS 0x0000000703f00000, 0x0000000703f00000| Untracked 
|  52|0x0000000704000000, 0x0000000704000000, 0x0000000704100000|  0%| F|  |TAMS 0x0000000704000000, 0x0000000704000000| Untracked 
|  53|0x0000000704100000, 0x0000000704100000, 0x0000000704200000|  0%| F|  |TAMS 0x0000000704100000, 0x0000000704100000| Untracked 
|  54|0x0000000704200000, 0x0000000704200000, 0x0000000704300000|  0%| F|  |TAMS 0x0000000704200000, 0x0000000704200000| Untracked 
|  55|0x0000000704300000, 0x0000000704300000, 0x0000000704400000|  0%| F|  |TAMS 0x0000000704300000, 0x0000000704300000| Untracked 
|  56|0x0000000704400000, 0x0000000704400000, 0x0000000704500000|  0%| F|  |TAMS 0x0000000704400000, 0x0000000704400000| Untracked 
|  57|0x0000000704500000, 0x0000000704500000, 0x0000000704600000|  0%| F|  |TAMS 0x0000000704500000, 0x0000000704500000| Untracked 
|  58|0x0000000704600000, 0x0000000704600000, 0x0000000704700000|  0%| F|  |TAMS 0x0000000704600000, 0x0000000704600000| Untracked 
|  59|0x0000000704700000, 0x0000000704700000, 0x0000000704800000|  0%| F|  |TAMS 0x0000000704700000, 0x0000000704700000| Untracked 
|  60|0x0000000704800000, 0x0000000704800000, 0x0000000704900000|  0%| F|  |TAMS 0x0000000704800000, 0x0000000704800000| Untracked 
|  61|0x0000000704900000, 0x0000000704900000, 0x0000000704a00000|  0%| F|  |TAMS 0x0000000704900000, 0x0000000704900000| Untracked 
|  62|0x0000000704a00000, 0x0000000704a00000, 0x0000000704b00000|  0%| F|  |TAMS 0x0000000704a00000, 0x0000000704a00000| Untracked 
|  63|0x0000000704b00000, 0x0000000704b00000, 0x0000000704c00000|  0%| F|  |TAMS 0x0000000704b00000, 0x0000000704b00000| Untracked 
|  64|0x0000000704c00000, 0x0000000704c00000, 0x0000000704d00000|  0%| F|  |TAMS 0x0000000704c00000, 0x0000000704c00000| Untracked 
|  65|0x0000000704d00000, 0x0000000704d00000, 0x0000000704e00000|  0%| F|  |TAMS 0x0000000704d00000, 0x0000000704d00000| Untracked 
|  66|0x0000000704e00000, 0x0000000704e00000, 0x0000000704f00000|  0%| F|  |TAMS 0x0000000704e00000, 0x0000000704e00000| Untracked 
|  67|0x0000000704f00000, 0x0000000704f00000, 0x0000000705000000|  0%| F|  |TAMS 0x0000000704f00000, 0x0000000704f00000| Untracked 
|  68|0x0000000705000000, 0x0000000705000000, 0x0000000705100000|  0%| F|  |TAMS 0x0000000705000000, 0x0000000705000000| Untracked 
|  69|0x0000000705100000, 0x0000000705100000, 0x0000000705200000|  0%| F|  |TAMS 0x0000000705100000, 0x0000000705100000| Untracked 
|  70|0x0000000705200000, 0x0000000705200000, 0x0000000705300000|  0%| F|  |TAMS 0x0000000705200000, 0x0000000705200000| Untracked 
|  71|0x0000000705300000, 0x0000000705300000, 0x0000000705400000|  0%| F|  |TAMS 0x0000000705300000, 0x0000000705300000| Untracked 
|  72|0x0000000705400000, 0x0000000705400000, 0x0000000705500000|  0%| F|  |TAMS 0x0000000705400000, 0x0000000705400000| Untracked 
|  73|0x0000000705500000, 0x0000000705500000, 0x0000000705600000|  0%| F|  |TAMS 0x0000000705500000, 0x0000000705500000| Untracked 
|  74|0x0000000705600000, 0x0000000705600000, 0x0000000705700000|  0%| F|  |TAMS 0x0000000705600000, 0x0000000705600000| Untracked 
|  75|0x0000000705700000, 0x0000000705700000, 0x0000000705800000|  0%| F|  |TAMS 0x0000000705700000, 0x0000000705700000| Untracked 
|  76|0x0000000705800000, 0x0000000705800000, 0x0000000705900000|  0%| F|  |TAMS 0x0000000705800000, 0x0000000705800000| Untracked 
|  77|0x0000000705900000, 0x0000000705900000, 0x0000000705a00000|  0%| F|  |TAMS 0x0000000705900000, 0x0000000705900000| Untracked 
|  78|0x0000000705a00000, 0x0000000705a00000, 0x0000000705b00000|  0%| F|  |TAMS 0x0000000705a00000, 0x0000000705a00000| Untracked 
|  79|0x0000000705b00000, 0x0000000705b00000, 0x0000000705c00000|  0%| F|  |TAMS 0x0000000705b00000, 0x0000000705b00000| Untracked 
|  80|0x0000000705c00000, 0x0000000705c00000, 0x0000000705d00000|  0%| F|  |TAMS 0x0000000705c00000, 0x0000000705c00000| Untracked 
|  81|0x0000000705d00000, 0x0000000705d00000, 0x0000000705e00000|  0%| F|  |TAMS 0x0000000705d00000, 0x0000000705d00000| Untracked 
|  82|0x0000000705e00000, 0x0000000705e00000, 0x0000000705f00000|  0%| F|  |TAMS 0x0000000705e00000, 0x0000000705e00000| Untracked 
|  83|0x0000000705f00000, 0x0000000705f00000, 0x0000000706000000|  0%| F|  |TAMS 0x0000000705f00000, 0x0000000705f00000| Untracked 
|  84|0x0000000706000000, 0x0000000706000000, 0x0000000706100000|  0%| F|  |TAMS 0x0000000706000000, 0x0000000706000000| Untracked 
|  85|0x0000000706100000, 0x0000000706100000, 0x0000000706200000|  0%| F|  |TAMS 0x0000000706100000, 0x0000000706100000| Untracked 
|  86|0x0000000706200000, 0x0000000706200000, 0x0000000706300000|  0%| F|  |TAMS 0x0000000706200000, 0x0000000706200000| Untracked 
|  87|0x0000000706300000, 0x0000000706300000, 0x0000000706400000|  0%| F|  |TAMS 0x0000000706300000, 0x0000000706300000| Untracked 
|  88|0x0000000706400000, 0x0000000706400000, 0x0000000706500000|  0%| F|  |TAMS 0x0000000706400000, 0x0000000706400000| Untracked 
|  89|0x0000000706500000, 0x0000000706500000, 0x0000000706600000|  0%| F|  |TAMS 0x0000000706500000, 0x0000000706500000| Untracked 
|  90|0x0000000706600000, 0x0000000706600000, 0x0000000706700000|  0%| F|  |TAMS 0x0000000706600000, 0x0000000706600000| Untracked 
|  91|0x0000000706700000, 0x0000000706700000, 0x0000000706800000|  0%| F|  |TAMS 0x0000000706700000, 0x0000000706700000| Untracked 
|  92|0x0000000706800000, 0x0000000706800000, 0x0000000706900000|  0%| F|  |TAMS 0x0000000706800000, 0x0000000706800000| Untracked 
|  93|0x0000000706900000, 0x0000000706900000, 0x0000000706a00000|  0%| F|  |TAMS 0x0000000706900000, 0x0000000706900000| Untracked 
|  94|0x0000000706a00000, 0x0000000706a00000, 0x0000000706b00000|  0%| F|  |TAMS 0x0000000706a00000, 0x0000000706a00000| Untracked 
|  95|0x0000000706b00000, 0x0000000706b00000, 0x0000000706c00000|  0%| F|  |TAMS 0x0000000706b00000, 0x0000000706b00000| Untracked 
|  96|0x0000000706c00000, 0x0000000706c00000, 0x0000000706d00000|  0%| F|  |TAMS 0x0000000706c00000, 0x0000000706c00000| Untracked 
|  97|0x0000000706d00000, 0x0000000706d00000, 0x0000000706e00000|  0%| F|  |TAMS 0x0000000706d00000, 0x0000000706d00000| Untracked 
|  98|0x0000000706e00000, 0x0000000706e00000, 0x0000000706f00000|  0%| F|  |TAMS 0x0000000706e00000, 0x0000000706e00000| Untracked 
|  99|0x0000000706f00000, 0x0000000706f00000, 0x0000000707000000|  0%| F|  |TAMS 0x0000000706f00000, 0x0000000706f00000| Untracked 
| 100|0x0000000707000000, 0x0000000707000000, 0x0000000707100000|  0%| F|  |TAMS 0x0000000707000000, 0x0000000707000000| Untracked 
| 101|0x0000000707100000, 0x0000000707100000, 0x0000000707200000|  0%| F|  |TAMS 0x0000000707100000, 0x0000000707100000| Untracked 
| 102|0x0000000707200000, 0x0000000707200000, 0x0000000707300000|  0%| F|  |TAMS 0x0000000707200000, 0x0000000707200000| Untracked 
| 103|0x0000000707300000, 0x0000000707300000, 0x0000000707400000|  0%| F|  |TAMS 0x0000000707300000, 0x0000000707300000| Untracked 
| 104|0x0000000707400000, 0x0000000707400000, 0x0000000707500000|  0%| F|  |TAMS 0x0000000707400000, 0x0000000707400000| Untracked 
| 105|0x0000000707500000, 0x0000000707500000, 0x0000000707600000|  0%| F|  |TAMS 0x0000000707500000, 0x0000000707500000| Untracked 
| 106|0x0000000707600000, 0x0000000707600000, 0x0000000707700000|  0%| F|  |TAMS 0x0000000707600000, 0x0000000707600000| Untracked 
| 107|0x0000000707700000, 0x0000000707700000, 0x0000000707800000|  0%| F|  |TAMS 0x0000000707700000, 0x0000000707700000| Untracked 
| 108|0x0000000707800000, 0x0000000707800000, 0x0000000707900000|  0%| F|  |TAMS 0x0000000707800000, 0x0000000707800000| Untracked 
| 109|0x0000000707900000, 0x0000000707900000, 0x0000000707a00000|  0%| F|  |TAMS 0x0000000707900000, 0x0000000707900000| Untracked 
| 110|0x0000000707a00000, 0x0000000707a00000, 0x0000000707b00000|  0%| F|  |TAMS 0x0000000707a00000, 0x0000000707a00000| Untracked 
| 111|0x0000000707b00000, 0x0000000707b00000, 0x0000000707c00000|  0%| F|  |TAMS 0x0000000707b00000, 0x0000000707b00000| Untracked 
| 112|0x0000000707c00000, 0x0000000707c00000, 0x0000000707d00000|  0%| F|  |TAMS 0x0000000707c00000, 0x0000000707c00000| Untracked 
| 113|0x0000000707d00000, 0x0000000707d00000, 0x0000000707e00000|  0%| F|  |TAMS 0x0000000707d00000, 0x0000000707d00000| Untracked 
| 114|0x0000000707e00000, 0x0000000707e00000, 0x0000000707f00000|  0%| F|  |TAMS 0x0000000707e00000, 0x0000000707e00000| Untracked 
| 115|0x0000000707f00000, 0x0000000707f00000, 0x0000000708000000|  0%| F|  |TAMS 0x0000000707f00000, 0x0000000707f00000| Untracked 
| 116|0x0000000708000000, 0x0000000708000000, 0x0000000708100000|  0%| F|  |TAMS 0x0000000708000000, 0x0000000708000000| Untracked 
| 117|0x0000000708100000, 0x0000000708100000, 0x0000000708200000|  0%| F|  |TAMS 0x0000000708100000, 0x0000000708100000| Untracked 
| 118|0x0000000708200000, 0x0000000708200000, 0x0000000708300000|  0%| F|  |TAMS 0x0000000708200000, 0x0000000708200000| Untracked 
| 119|0x0000000708300000, 0x0000000708300000, 0x0000000708400000|  0%| F|  |TAMS 0x0000000708300000, 0x0000000708300000| Untracked 
| 120|0x0000000708400000, 0x0000000708400000, 0x0000000708500000|  0%| F|  |TAMS 0x0000000708400000, 0x0000000708400000| Untracked 
| 121|0x0000000708500000, 0x0000000708500000, 0x0000000708600000|  0%| F|  |TAMS 0x0000000708500000, 0x0000000708500000| Untracked 
| 122|0x0000000708600000, 0x0000000708600000, 0x0000000708700000|  0%| F|  |TAMS 0x0000000708600000, 0x0000000708600000| Untracked 
| 123|0x0000000708700000, 0x0000000708700000, 0x0000000708800000|  0%| F|  |TAMS 0x0000000708700000, 0x0000000708700000| Untracked 
| 124|0x0000000708800000, 0x0000000708800000, 0x0000000708900000|  0%| F|  |TAMS 0x0000000708800000, 0x0000000708800000| Untracked 
| 125|0x0000000708900000, 0x0000000708900000, 0x0000000708a00000|  0%| F|  |TAMS 0x0000000708900000, 0x0000000708900000| Untracked 
| 126|0x0000000708a00000, 0x0000000708a00000, 0x0000000708b00000|  0%| F|  |TAMS 0x0000000708a00000, 0x0000000708a00000| Untracked 
| 127|0x0000000708b00000, 0x0000000708b00000, 0x0000000708c00000|  0%| F|  |TAMS 0x0000000708b00000, 0x0000000708b00000| Untracked 
| 128|0x0000000708c00000, 0x0000000708c00000, 0x0000000708d00000|  0%| F|  |TAMS 0x0000000708c00000, 0x0000000708c00000| Untracked 
| 129|0x0000000708d00000, 0x0000000708d00000, 0x0000000708e00000|  0%| F|  |TAMS 0x0000000708d00000, 0x0000000708d00000| Untracked 
| 130|0x0000000708e00000, 0x0000000708e00000, 0x0000000708f00000|  0%| F|  |TAMS 0x0000000708e00000, 0x0000000708e00000| Untracked 
| 131|0x0000000708f00000, 0x0000000708f00000, 0x0000000709000000|  0%| F|  |TAMS 0x0000000708f00000, 0x0000000708f00000| Untracked 
| 132|0x0000000709000000, 0x0000000709000000, 0x0000000709100000|  0%| F|  |TAMS 0x0000000709000000, 0x0000000709000000| Untracked 
| 133|0x0000000709100000, 0x0000000709100000, 0x0000000709200000|  0%| F|  |TAMS 0x0000000709100000, 0x0000000709100000| Untracked 
| 134|0x0000000709200000, 0x0000000709200000, 0x0000000709300000|  0%| F|  |TAMS 0x0000000709200000, 0x0000000709200000| Untracked 
| 135|0x0000000709300000, 0x0000000709300000, 0x0000000709400000|  0%| F|  |TAMS 0x0000000709300000, 0x0000000709300000| Untracked 
| 136|0x0000000709400000, 0x0000000709400000, 0x0000000709500000|  0%| F|  |TAMS 0x0000000709400000, 0x0000000709400000| Untracked 
| 137|0x0000000709500000, 0x0000000709500000, 0x0000000709600000|  0%| F|  |TAMS 0x0000000709500000, 0x0000000709500000| Untracked 
| 138|0x0000000709600000, 0x0000000709600000, 0x0000000709700000|  0%| F|  |TAMS 0x0000000709600000, 0x0000000709600000| Untracked 
| 139|0x0000000709700000, 0x0000000709700000, 0x0000000709800000|  0%| F|  |TAMS 0x0000000709700000, 0x0000000709700000| Untracked 
| 140|0x0000000709800000, 0x0000000709900000, 0x0000000709900000|100%| S|CS|TAMS 0x0000000709800000, 0x0000000709800000| Complete 
| 141|0x0000000709900000, 0x0000000709a00000, 0x0000000709a00000|100%| S|CS|TAMS 0x0000000709900000, 0x0000000709900000| Complete 
| 142|0x0000000709a00000, 0x0000000709b00000, 0x0000000709b00000|100%| S|CS|TAMS 0x0000000709a00000, 0x0000000709a00000| Complete 
| 143|0x0000000709b00000, 0x0000000709c00000, 0x0000000709c00000|100%| S|CS|TAMS 0x0000000709b00000, 0x0000000709b00000| Complete 
| 144|0x0000000709c00000, 0x0000000709d00000, 0x0000000709d00000|100%| S|CS|TAMS 0x0000000709c00000, 0x0000000709c00000| Complete 
| 145|0x0000000709d00000, 0x0000000709e00000, 0x0000000709e00000|100%| S|CS|TAMS 0x0000000709d00000, 0x0000000709d00000| Complete 
| 146|0x0000000709e00000, 0x0000000709f00000, 0x0000000709f00000|100%| S|CS|TAMS 0x0000000709e00000, 0x0000000709e00000| Complete 
| 147|0x0000000709f00000, 0x000000070a000000, 0x000000070a000000|100%| S|CS|TAMS 0x0000000709f00000, 0x0000000709f00000| Complete 
| 148|0x000000070a000000, 0x000000070a100000, 0x000000070a100000|100%| S|CS|TAMS 0x000000070a000000, 0x000000070a000000| Complete 
| 149|0x000000070a100000, 0x000000070a200000, 0x000000070a200000|100%| S|CS|TAMS 0x000000070a100000, 0x000000070a100000| Complete 
| 150|0x000000070a200000, 0x000000070a300000, 0x000000070a300000|100%| S|CS|TAMS 0x000000070a200000, 0x000000070a200000| Complete 
| 151|0x000000070a300000, 0x000000070a400000, 0x000000070a400000|100%| S|CS|TAMS 0x000000070a300000, 0x000000070a300000| Complete 
| 152|0x000000070a400000, 0x000000070a500000, 0x000000070a500000|100%| S|CS|TAMS 0x000000070a400000, 0x000000070a400000| Complete 
| 153|0x000000070a500000, 0x000000070a500000, 0x000000070a600000|  0%| F|  |TAMS 0x000000070a500000, 0x000000070a500000| Untracked 
| 154|0x000000070a600000, 0x000000070a600000, 0x000000070a700000|  0%| F|  |TAMS 0x000000070a600000, 0x000000070a600000| Untracked 
| 155|0x000000070a700000, 0x000000070a700000, 0x000000070a800000|  0%| F|  |TAMS 0x000000070a700000, 0x000000070a700000| Untracked 
| 156|0x000000070a800000, 0x000000070a800000, 0x000000070a900000|  0%| F|  |TAMS 0x000000070a800000, 0x000000070a800000| Untracked 
| 157|0x000000070a900000, 0x000000070a900000, 0x000000070aa00000|  0%| F|  |TAMS 0x000000070a900000, 0x000000070a900000| Untracked 
| 158|0x000000070aa00000, 0x000000070aa00000, 0x000000070ab00000|  0%| F|  |TAMS 0x000000070aa00000, 0x000000070aa00000| Untracked 
| 159|0x000000070ab00000, 0x000000070ab00000, 0x000000070ac00000|  0%| F|  |TAMS 0x000000070ab00000, 0x000000070ab00000| Untracked 
| 160|0x000000070ac00000, 0x000000070ac00000, 0x000000070ad00000|  0%| F|  |TAMS 0x000000070ac00000, 0x000000070ac00000| Untracked 
| 161|0x000000070ad00000, 0x000000070ad00000, 0x000000070ae00000|  0%| F|  |TAMS 0x000000070ad00000, 0x000000070ad00000| Untracked 
| 162|0x000000070ae00000, 0x000000070ae00000, 0x000000070af00000|  0%| F|  |TAMS 0x000000070ae00000, 0x000000070ae00000| Untracked 
| 163|0x000000070af00000, 0x000000070af00000, 0x000000070b000000|  0%| F|  |TAMS 0x000000070af00000, 0x000000070af00000| Untracked 
| 164|0x000000070b000000, 0x000000070b000000, 0x000000070b100000|  0%| F|  |TAMS 0x000000070b000000, 0x000000070b000000| Untracked 
| 165|0x000000070b100000, 0x000000070b100000, 0x000000070b200000|  0%| F|  |TAMS 0x000000070b100000, 0x000000070b100000| Untracked 
| 166|0x000000070b200000, 0x000000070b200000, 0x000000070b300000|  0%| F|  |TAMS 0x000000070b200000, 0x000000070b200000| Untracked 
| 167|0x000000070b300000, 0x000000070b300000, 0x000000070b400000|  0%| F|  |TAMS 0x000000070b300000, 0x000000070b300000| Untracked 
| 168|0x000000070b400000, 0x000000070b400000, 0x000000070b500000|  0%| F|  |TAMS 0x000000070b400000, 0x000000070b400000| Untracked 
| 169|0x000000070b500000, 0x000000070b500000, 0x000000070b600000|  0%| F|  |TAMS 0x000000070b500000, 0x000000070b500000| Untracked 
| 170|0x000000070b600000, 0x000000070b600000, 0x000000070b700000|  0%| F|  |TAMS 0x000000070b600000, 0x000000070b600000| Untracked 
| 171|0x000000070b700000, 0x000000070b700000, 0x000000070b800000|  0%| F|  |TAMS 0x000000070b700000, 0x000000070b700000| Untracked 
| 172|0x000000070b800000, 0x000000070b800000, 0x000000070b900000|  0%| F|  |TAMS 0x000000070b800000, 0x000000070b800000| Untracked 
| 173|0x000000070b900000, 0x000000070b900000, 0x000000070ba00000|  0%| F|  |TAMS 0x000000070b900000, 0x000000070b900000| Untracked 
| 174|0x000000070ba00000, 0x000000070ba00000, 0x000000070bb00000|  0%| F|  |TAMS 0x000000070ba00000, 0x000000070ba00000| Untracked 
| 175|0x000000070bb00000, 0x000000070bb00000, 0x000000070bc00000|  0%| F|  |TAMS 0x000000070bb00000, 0x000000070bb00000| Untracked 
| 176|0x000000070bc00000, 0x000000070bc00000, 0x000000070bd00000|  0%| F|  |TAMS 0x000000070bc00000, 0x000000070bc00000| Untracked 
| 177|0x000000070bd00000, 0x000000070bd00000, 0x000000070be00000|  0%| F|  |TAMS 0x000000070bd00000, 0x000000070bd00000| Untracked 
| 178|0x000000070be00000, 0x000000070be00000, 0x000000070bf00000|  0%| F|  |TAMS 0x000000070be00000, 0x000000070be00000| Untracked 
| 179|0x000000070bf00000, 0x000000070bf00000, 0x000000070c000000|  0%| F|  |TAMS 0x000000070bf00000, 0x000000070bf00000| Untracked 
| 180|0x000000070c000000, 0x000000070c000000, 0x000000070c100000|  0%| F|  |TAMS 0x000000070c000000, 0x000000070c000000| Untracked 
| 181|0x000000070c100000, 0x000000070c100000, 0x000000070c200000|  0%| F|  |TAMS 0x000000070c100000, 0x000000070c100000| Untracked 
| 182|0x000000070c200000, 0x000000070c200000, 0x000000070c300000|  0%| F|  |TAMS 0x000000070c200000, 0x000000070c200000| Untracked 
| 183|0x000000070c300000, 0x000000070c300000, 0x000000070c400000|  0%| F|  |TAMS 0x000000070c300000, 0x000000070c300000| Untracked 
| 184|0x000000070c400000, 0x000000070c400000, 0x000000070c500000|  0%| F|  |TAMS 0x000000070c400000, 0x000000070c400000| Untracked 
| 185|0x000000070c500000, 0x000000070c500000, 0x000000070c600000|  0%| F|  |TAMS 0x000000070c500000, 0x000000070c500000| Untracked 
| 186|0x000000070c600000, 0x000000070c600000, 0x000000070c700000|  0%| F|  |TAMS 0x000000070c600000, 0x000000070c600000| Untracked 
| 187|0x000000070c700000, 0x000000070c700000, 0x000000070c800000|  0%| F|  |TAMS 0x000000070c700000, 0x000000070c700000| Untracked 
| 188|0x000000070c800000, 0x000000070c800000, 0x000000070c900000|  0%| F|  |TAMS 0x000000070c800000, 0x000000070c800000| Untracked 
| 189|0x000000070c900000, 0x000000070c900000, 0x000000070ca00000|  0%| F|  |TAMS 0x000000070c900000, 0x000000070c900000| Untracked 
| 190|0x000000070ca00000, 0x000000070ca00000, 0x000000070cb00000|  0%| F|  |TAMS 0x000000070ca00000, 0x000000070ca00000| Untracked 
| 191|0x000000070cb00000, 0x000000070cb00000, 0x000000070cc00000|  0%| F|  |TAMS 0x000000070cb00000, 0x000000070cb00000| Untracked 
| 192|0x000000070cc00000, 0x000000070cc00000, 0x000000070cd00000|  0%| F|  |TAMS 0x000000070cc00000, 0x000000070cc00000| Untracked 
| 193|0x000000070cd00000, 0x000000070cd00000, 0x000000070ce00000|  0%| F|  |TAMS 0x000000070cd00000, 0x000000070cd00000| Untracked 
| 194|0x000000070ce00000, 0x000000070ce00000, 0x000000070cf00000|  0%| F|  |TAMS 0x000000070ce00000, 0x000000070ce00000| Untracked 
| 195|0x000000070cf00000, 0x000000070cf00000, 0x000000070d000000|  0%| F|  |TAMS 0x000000070cf00000, 0x000000070cf00000| Untracked 
| 196|0x000000070d000000, 0x000000070d000000, 0x000000070d100000|  0%| F|  |TAMS 0x000000070d000000, 0x000000070d000000| Untracked 
| 197|0x000000070d100000, 0x000000070d100000, 0x000000070d200000|  0%| F|  |TAMS 0x000000070d100000, 0x000000070d100000| Untracked 
| 198|0x000000070d200000, 0x000000070d200000, 0x000000070d300000|  0%| F|  |TAMS 0x000000070d200000, 0x000000070d200000| Untracked 
| 199|0x000000070d300000, 0x000000070d300000, 0x000000070d400000|  0%| F|  |TAMS 0x000000070d300000, 0x000000070d300000| Untracked 
| 200|0x000000070d400000, 0x000000070d400000, 0x000000070d500000|  0%| F|  |TAMS 0x000000070d400000, 0x000000070d400000| Untracked 
| 201|0x000000070d500000, 0x000000070d500000, 0x000000070d600000|  0%| F|  |TAMS 0x000000070d500000, 0x000000070d500000| Untracked 
| 202|0x000000070d600000, 0x000000070d600000, 0x000000070d700000|  0%| F|  |TAMS 0x000000070d600000, 0x000000070d600000| Untracked 
| 203|0x000000070d700000, 0x000000070d700000, 0x000000070d800000|  0%| F|  |TAMS 0x000000070d700000, 0x000000070d700000| Untracked 
| 204|0x000000070d800000, 0x000000070d800000, 0x000000070d900000|  0%| F|  |TAMS 0x000000070d800000, 0x000000070d800000| Untracked 
| 205|0x000000070d900000, 0x000000070d900000, 0x000000070da00000|  0%| F|  |TAMS 0x000000070d900000, 0x000000070d900000| Untracked 
| 206|0x000000070da00000, 0x000000070da00000, 0x000000070db00000|  0%| F|  |TAMS 0x000000070da00000, 0x000000070da00000| Untracked 
| 207|0x000000070db00000, 0x000000070db00000, 0x000000070dc00000|  0%| F|  |TAMS 0x000000070db00000, 0x000000070db00000| Untracked 
| 208|0x000000070dc00000, 0x000000070dc00000, 0x000000070dd00000|  0%| F|  |TAMS 0x000000070dc00000, 0x000000070dc00000| Untracked 
| 209|0x000000070dd00000, 0x000000070dd00000, 0x000000070de00000|  0%| F|  |TAMS 0x000000070dd00000, 0x000000070dd00000| Untracked 
| 210|0x000000070de00000, 0x000000070de00000, 0x000000070df00000|  0%| F|  |TAMS 0x000000070de00000, 0x000000070de00000| Untracked 
| 211|0x000000070df00000, 0x000000070df00000, 0x000000070e000000|  0%| F|  |TAMS 0x000000070df00000, 0x000000070df00000| Untracked 
| 212|0x000000070e000000, 0x000000070e000000, 0x000000070e100000|  0%| F|  |TAMS 0x000000070e000000, 0x000000070e000000| Untracked 
| 213|0x000000070e100000, 0x000000070e100000, 0x000000070e200000|  0%| F|  |TAMS 0x000000070e100000, 0x000000070e100000| Untracked 
| 214|0x000000070e200000, 0x000000070e200000, 0x000000070e300000|  0%| F|  |TAMS 0x000000070e200000, 0x000000070e200000| Untracked 
| 215|0x000000070e300000, 0x000000070e300000, 0x000000070e400000|  0%| F|  |TAMS 0x000000070e300000, 0x000000070e300000| Untracked 
| 216|0x000000070e400000, 0x000000070e400000, 0x000000070e500000|  0%| F|  |TAMS 0x000000070e400000, 0x000000070e400000| Untracked 
| 217|0x000000070e500000, 0x000000070e500000, 0x000000070e600000|  0%| F|  |TAMS 0x000000070e500000, 0x000000070e500000| Untracked 
| 218|0x000000070e600000, 0x000000070e600000, 0x000000070e700000|  0%| F|  |TAMS 0x000000070e600000, 0x000000070e600000| Untracked 
| 219|0x000000070e700000, 0x000000070e700000, 0x000000070e800000|  0%| F|  |TAMS 0x000000070e700000, 0x000000070e700000| Untracked 
| 220|0x000000070e800000, 0x000000070e800000, 0x000000070e900000|  0%| F|  |TAMS 0x000000070e800000, 0x000000070e800000| Untracked 
| 221|0x000000070e900000, 0x000000070e900000, 0x000000070ea00000|  0%| F|  |TAMS 0x000000070e900000, 0x000000070e900000| Untracked 
| 222|0x000000070ea00000, 0x000000070ea00000, 0x000000070eb00000|  0%| F|  |TAMS 0x000000070ea00000, 0x000000070ea00000| Untracked 
| 223|0x000000070eb00000, 0x000000070eb00000, 0x000000070ec00000|  0%| F|  |TAMS 0x000000070eb00000, 0x000000070eb00000| Untracked 
| 224|0x000000070ec00000, 0x000000070ec00000, 0x000000070ed00000|  0%| F|  |TAMS 0x000000070ec00000, 0x000000070ec00000| Untracked 
| 225|0x000000070ed00000, 0x000000070ed00000, 0x000000070ee00000|  0%| F|  |TAMS 0x000000070ed00000, 0x000000070ed00000| Untracked 
| 226|0x000000070ee00000, 0x000000070ee00000, 0x000000070ef00000|  0%| F|  |TAMS 0x000000070ee00000, 0x000000070ee00000| Untracked 
| 227|0x000000070ef00000, 0x000000070ef00000, 0x000000070f000000|  0%| F|  |TAMS 0x000000070ef00000, 0x000000070ef00000| Untracked 
| 228|0x000000070f000000, 0x000000070f000000, 0x000000070f100000|  0%| F|  |TAMS 0x000000070f000000, 0x000000070f000000| Untracked 
| 229|0x000000070f100000, 0x000000070f100000, 0x000000070f200000|  0%| F|  |TAMS 0x000000070f100000, 0x000000070f100000| Untracked 
| 230|0x000000070f200000, 0x000000070f200000, 0x000000070f300000|  0%| F|  |TAMS 0x000000070f200000, 0x000000070f200000| Untracked 
| 231|0x000000070f300000, 0x000000070f300000, 0x000000070f400000|  0%| F|  |TAMS 0x000000070f300000, 0x000000070f300000| Untracked 
| 232|0x000000070f400000, 0x000000070f400000, 0x000000070f500000|  0%| F|  |TAMS 0x000000070f400000, 0x000000070f400000| Untracked 
| 233|0x000000070f500000, 0x000000070f500000, 0x000000070f600000|  0%| F|  |TAMS 0x000000070f500000, 0x000000070f500000| Untracked 
| 234|0x000000070f600000, 0x000000070f600000, 0x000000070f700000|  0%| F|  |TAMS 0x000000070f600000, 0x000000070f600000| Untracked 
| 235|0x000000070f700000, 0x000000070f700000, 0x000000070f800000|  0%| F|  |TAMS 0x000000070f700000, 0x000000070f700000| Untracked 
| 236|0x000000070f800000, 0x000000070f800000, 0x000000070f900000|  0%| F|  |TAMS 0x000000070f800000, 0x000000070f800000| Untracked 
| 237|0x000000070f900000, 0x000000070f900000, 0x000000070fa00000|  0%| F|  |TAMS 0x000000070f900000, 0x000000070f900000| Untracked 
| 238|0x000000070fa00000, 0x000000070fa00000, 0x000000070fb00000|  0%| F|  |TAMS 0x000000070fa00000, 0x000000070fa00000| Untracked 
| 239|0x000000070fb00000, 0x000000070fb00000, 0x000000070fc00000|  0%| F|  |TAMS 0x000000070fb00000, 0x000000070fb00000| Untracked 
| 240|0x000000070fc00000, 0x000000070fc00000, 0x000000070fd00000|  0%| F|  |TAMS 0x000000070fc00000, 0x000000070fc00000| Untracked 
| 241|0x000000070fd00000, 0x000000070fd00000, 0x000000070fe00000|  0%| F|  |TAMS 0x000000070fd00000, 0x000000070fd00000| Untracked 
| 242|0x000000070fe00000, 0x000000070fe00000, 0x000000070ff00000|  0%| F|  |TAMS 0x000000070fe00000, 0x000000070fe00000| Untracked 
| 243|0x000000070ff00000, 0x000000070ff00000, 0x0000000710000000|  0%| F|  |TAMS 0x000000070ff00000, 0x000000070ff00000| Untracked 
| 244|0x0000000710000000, 0x0000000710000000, 0x0000000710100000|  0%| F|  |TAMS 0x0000000710000000, 0x0000000710000000| Untracked 
| 245|0x0000000710100000, 0x0000000710100000, 0x0000000710200000|  0%| F|  |TAMS 0x0000000710100000, 0x0000000710100000| Untracked 
| 246|0x0000000710200000, 0x0000000710200000, 0x0000000710300000|  0%| F|  |TAMS 0x0000000710200000, 0x0000000710200000| Untracked 
| 247|0x0000000710300000, 0x0000000710300000, 0x0000000710400000|  0%| F|  |TAMS 0x0000000710300000, 0x0000000710300000| Untracked 
| 248|0x0000000710400000, 0x0000000710400000, 0x0000000710500000|  0%| F|  |TAMS 0x0000000710400000, 0x0000000710400000| Untracked 
| 249|0x0000000710500000, 0x0000000710580800, 0x0000000710600000| 50%| E|  |TAMS 0x0000000710500000, 0x0000000710500000| Complete 
| 250|0x0000000710600000, 0x0000000710700000, 0x0000000710700000|100%| E|CS|TAMS 0x0000000710600000, 0x0000000710600000| Complete 
| 251|0x0000000710700000, 0x0000000710800000, 0x0000000710800000|100%| E|CS|TAMS 0x0000000710700000, 0x0000000710700000| Complete 
| 252|0x0000000710800000, 0x0000000710900000, 0x0000000710900000|100%| E|CS|TAMS 0x0000000710800000, 0x0000000710800000| Complete 
| 253|0x0000000710900000, 0x0000000710a00000, 0x0000000710a00000|100%| E|CS|TAMS 0x0000000710900000, 0x0000000710900000| Complete 
| 254|0x0000000710a00000, 0x0000000710b00000, 0x0000000710b00000|100%| E|CS|TAMS 0x0000000710a00000, 0x0000000710a00000| Complete 
| 255|0x0000000710b00000, 0x0000000710c00000, 0x0000000710c00000|100%| E|CS|TAMS 0x0000000710b00000, 0x0000000710b00000| Complete 

Card table byte_map: [0x000001c91e050000,0x000001c91e850000] _byte_map_base: 0x000001c91a84a000

Marking Bits (Prev, Next): (CMBitMap*) 0x000001c9042295b8, (CMBitMap*) 0x000001c9042295f0
 Prev Bits: [0x000001c91f050000, 0x000001c923020000)
 Next Bits: [0x000001c923020000, 0x000001c926ff0000)

Polling page: 0x000001c904090000

Metaspace:

Usage:
  Non-class:     40.81 MB capacity,    39.83 MB ( 98%) used,   803.82 KB (  2%) free+waste,   194.50 KB ( <1%) overhead. 
      Class:      6.24 MB capacity,     5.58 MB ( 89%) used,   577.69 KB (  9%) free+waste,    95.63 KB (  1%) overhead. 
       Both:     47.05 MB capacity,    45.42 MB ( 97%) used,     1.35 MB (  3%) free+waste,   290.13 KB ( <1%) overhead. 

Virtual space:
  Non-class space:       42.00 MB reserved,      41.00 MB ( 98%) committed 
      Class space:        1.00 GB reserved,       6.25 MB ( <1%) committed 
             Both:        1.04 GB reserved,      47.25 MB (  4%) committed 

Chunk freelists:
   Non-Class:  512 bytes
       Class:  1.38 KB
        Both:  1.88 KB

CodeHeap 'non-profiled nmethods': size=120000Kb used=2079Kb max_used=2079Kb free=117921Kb
 bounds [0x000001c9158c0000, 0x000001c915b30000, 0x000001c91cdf0000]
CodeHeap 'profiled nmethods': size=120000Kb used=9801Kb max_used=9801Kb free=110198Kb
 bounds [0x000001c90e390000, 0x000001c90ed30000, 0x000001c9158c0000]
CodeHeap 'non-nmethods': size=5760Kb used=1167Kb max_used=1226Kb free=4592Kb
 bounds [0x000001c90ddf0000, 0x000001c90e060000, 0x000001c90e390000]
 total_blobs=5826 nmethods=4079 adapters=405
 compilation: enabled
              stopped_count=0, restarted_count=0
 full_count=0

Compilation events (10 events):
Event: 3.760 Thread 0x000001c929b7c800 4254       3       java.util.Collections$3::hasMoreElements (10 bytes)
Event: 3.760 Thread 0x000001c929b7c800 nmethod 4254 0x000001c90ed0b190 code [0x000001c90ed0b340, 0x000001c90ed0b570]
Event: 3.760 Thread 0x000001c929b7c800 4255       3       java.lang.ThreadLocal$ThreadLocalMap::set (136 bytes)
Event: 3.761 Thread 0x000001c929b7c800 nmethod 4255 0x000001c90ed0b610 code [0x000001c90ed0b880, 0x000001c90ed0c4f0]
Event: 3.764 Thread 0x000001c929b7c800 4256       3       org.springframework.beans.factory.config.BeanPostProcessor::postProcessAfterInitialization (2 bytes)
Event: 3.764 Thread 0x000001c929b7c800 nmethod 4256 0x000001c90ed0c910 code [0x000001c90ed0caa0, 0x000001c90ed0cbf8]
Event: 3.774 Thread 0x000001c929b7c800 4258       3       java.util.Hashtable$Enumerator::<init> (51 bytes)
Event: 3.775 Thread 0x000001c929b7c800 nmethod 4258 0x000001c90ed0cc90 code [0x000001c90ed0ce40, 0x000001c90ed0d0f8]
Event: 3.775 Thread 0x000001c929b7c800 4259       3       java.beans.Introspector::getBeanInfo (7 bytes)
Event: 3.776 Thread 0x000001c929b7c800 nmethod 4259 0x000001c90ed0d210 code [0x000001c90ed0d3e0, 0x000001c90ed0d710]

GC Heap History (10 events):
Event: 0.881 GC heap before
{Heap before GC invocations=1 (full 0):
 garbage-first heap   total 262144K, used 25241K [0x0000000700c00000, 0x0000000800000000)
  region size 1024K, 21 young (21504K), 3 survivors (3072K)
 Metaspace       used 15387K, capacity 15868K, committed 16000K, reserved 1062912K
  class space    used 1616K, capacity 1823K, committed 1920K, reserved 1048576K
}
Event: 0.883 GC heap after
{Heap after GC invocations=2 (full 0):
 garbage-first heap   total 262144K, used 7426K [0x0000000700c00000, 0x0000000800000000)
  region size 1024K, 1 young (1024K), 1 survivors (1024K)
 Metaspace       used 15387K, capacity 15868K, committed 16000K, reserved 1062912K
  class space    used 1616K, capacity 1823K, committed 1920K, reserved 1048576K
}
Event: 1.186 GC heap before
{Heap before GC invocations=2 (full 0):
 garbage-first heap   total 262144K, used 35074K [0x0000000700c00000, 0x0000000800000000)
  region size 1024K, 29 young (29696K), 1 survivors (1024K)
 Metaspace       used 20381K, capacity 21059K, committed 21248K, reserved 1069056K
  class space    used 2276K, capacity 2541K, committed 2560K, reserved 1048576K
}
Event: 1.188 GC heap after
{Heap after GC invocations=3 (full 0):
 garbage-first heap   total 262144K, used 8623K [0x0000000700c00000, 0x0000000800000000)
  region size 1024K, 2 young (2048K), 2 survivors (2048K)
 Metaspace       used 20381K, capacity 21059K, committed 21248K, reserved 1069056K
  class space    used 2276K, capacity 2541K, committed 2560K, reserved 1048576K
}
Event: 1.660 GC heap before
{Heap before GC invocations=4 (full 0):
 garbage-first heap   total 262144K, used 59823K [0x0000000700c00000, 0x0000000800000000)
  region size 1024K, 52 young (53248K), 2 survivors (2048K)
 Metaspace       used 29332K, capacity 30248K, committed 30464K, reserved 1075200K
  class space    used 3422K, capacity 3797K, committed 3840K, reserved 1048576K
}
Event: 1.664 GC heap after
{Heap after GC invocations=5 (full 0):
 garbage-first heap   total 262144K, used 10675K [0x0000000700c00000, 0x0000000800000000)
  region size 1024K, 4 young (4096K), 4 survivors (4096K)
 Metaspace       used 29332K, capacity 30248K, committed 30464K, reserved 1075200K
  class space    used 3422K, capacity 3797K, committed 3840K, reserved 1048576K
}
Event: 2.332 GC heap before
{Heap before GC invocations=5 (full 0):
 garbage-first heap   total 262144K, used 61875K [0x0000000700c00000, 0x0000000800000000)
  region size 1024K, 55 young (56320K), 4 survivors (4096K)
 Metaspace       used 34370K, capacity 35454K, committed 35584K, reserved 1081344K
  class space    used 4044K, capacity 4489K, committed 4608K, reserved 1048576K
}
Event: 2.338 GC heap after
{Heap after GC invocations=6 (full 0):
 garbage-first heap   total 262144K, used 13174K [0x0000000700c00000, 0x0000000800000000)
  region size 1024K, 7 young (7168K), 7 survivors (7168K)
 Metaspace       used 34370K, capacity 35454K, committed 35584K, reserved 1081344K
  class space    used 4044K, capacity 4489K, committed 4608K, reserved 1048576K
}
Event: 3.779 GC heap before
{Heap before GC invocations=7 (full 0):
 garbage-first heap   total 262144K, used 111478K [0x0000000700c00000, 0x0000000800000000)
  region size 1024K, 103 young (105472K), 7 survivors (7168K)
 Metaspace       used 46378K, capacity 47995K, committed 48128K, reserved 1091584K
  class space    used 5699K, capacity 6350K, committed 6400K, reserved 1048576K
}
Event: 3.790 GC heap after
{Heap after GC invocations=8 (full 0):
 garbage-first heap   total 262144K, used 20247K [0x0000000700c00000, 0x0000000800000000)
  region size 1024K, 13 young (13312K), 13 survivors (13312K)
 Metaspace       used 46378K, capacity 47995K, committed 48128K, reserved 1091584K
  class space    used 5699K, capacity 6350K, committed 6400K, reserved 1048576K
}

Deoptimization events (10 events):
Event: 3.420 Thread 0x000001c9041c9000 Uncommon trap: reason=class_check action=maybe_recompile pc=0x000001c915a4b9ac method=org.springframework.util.ConcurrentReferenceHashMap$Segment.findInChain(Lorg/springframework/util/ConcurrentReferenceHashMap$Reference;Ljava/lang/Object;I)Lorg/springfra
Event: 3.420 Thread 0x000001c9041c9000 Uncommon trap: reason=class_check action=maybe_recompile pc=0x000001c915a4e1ac method=org.springframework.util.ConcurrentReferenceHashMap$Segment.findInChain(Lorg/springframework/util/ConcurrentReferenceHashMap$Reference;Ljava/lang/Object;I)Lorg/springfra
Event: 3.471 Thread 0x000001c9041c9000 Uncommon trap: reason=unstable_if action=reinterpret pc=0x000001c915a2707c method=org.springframework.util.ConcurrentReferenceHashMap$Segment.clear()V @ 7 c2
Event: 3.606 Thread 0x000001c9041c9000 Uncommon trap: reason=predicate action=maybe_recompile pc=0x000001c9159bba7c method=java.util.Properties$LineReader.readLine()I @ 209 c2
Event: 3.606 Thread 0x000001c9041c9000 Uncommon trap: reason=unstable_if action=reinterpret pc=0x000001c91593536c method=java.util.Properties$LineReader.readLine()I @ 117 c2
Event: 3.606 Thread 0x000001c9041c9000 Uncommon trap: reason=unstable_if action=reinterpret pc=0x000001c9158d6cc4 method=java.nio.Buffer.position(I)Ljava/nio/Buffer; @ 45 c2
Event: 3.608 Thread 0x000001c9041c9000 Uncommon trap: reason=unstable_if action=reinterpret pc=0x000001c91596b0c0 method=java.nio.Buffer.position(I)Ljava/nio/Buffer; @ 45 c2
Event: 3.610 Thread 0x000001c9041c9000 Uncommon trap: reason=unstable_if action=reinterpret pc=0x000001c915963348 method=sun.net.www.ParseUtil.firstEncodeIndex(Ljava/lang/String;)I @ 51 c2
Event: 3.610 Thread 0x000001c9041c9000 Uncommon trap: reason=unstable_if action=reinterpret pc=0x000001c915a25bb8 method=sun.net.www.ParseUtil.firstEncodeIndex(Ljava/lang/String;)I @ 51 c2
Event: 3.610 Thread 0x000001c9041c9000 Uncommon trap: reason=unstable_if action=reinterpret pc=0x000001c915922b20 method=sun.net.www.ParseUtil.firstEncodeIndex(Ljava/lang/String;)I @ 51 c2

Classes redefined (0 events):
No events

Internal exceptions (10 events):
Event: 3.779 Thread 0x000001c9041c9000 Exception <a 'java/lang/ClassNotFoundException'{0x000000070a5f2698}: java/lang/ObjectCustomizer> (0x000000070a5f2698) thrown at [./open/src/hotspot/share/classfile/systemDictionary.cpp, line 228]
Event: 3.792 Thread 0x000001c9041c9000 Exception <a 'java/lang/ClassNotFoundException'{0x0000000710b0da70}: org/springframework/boot/autoconfigure/web/servlet/error/ErrorMvcAutoConfiguration$ErrorPageCustomizerCustomizer> (0x0000000710b0da70) thrown at [./open/src/hotspot/share/classfile/syste
Event: 3.792 Thread 0x000001c9041c9000 Exception <a 'java/lang/ClassNotFoundException'{0x0000000710b234f8}: org/springframework/boot/web/server/ErrorPageRegistrarCustomizer> (0x0000000710b234f8) thrown at [./open/src/hotspot/share/classfile/systemDictionary.cpp, line 228]
Event: 3.793 Thread 0x000001c9041c9000 Exception <a 'java/lang/ClassNotFoundException'{0x0000000710b322d0}: org/springframework/core/OrderedCustomizer> (0x0000000710b322d0) thrown at [./open/src/hotspot/share/classfile/systemDictionary.cpp, line 228]
Event: 3.797 Thread 0x000001c9041c9000 Exception <a 'java/lang/ClassNotFoundException'{0x0000000710b60c68}: java/lang/ObjectCustomizer> (0x0000000710b60c68) thrown at [./open/src/hotspot/share/classfile/systemDictionary.cpp, line 228]
Event: 3.797 Thread 0x000001c9041c9000 Exception <a 'java/lang/ClassNotFoundException'{0x0000000710b64e20}: org.springframework.boot.validation.beanvalidation.MethodValidationExcludeFilter$$Lambda$1083/0x0000000800633840Customizer> (0x0000000710b64e20) thrown at [./open/src/hotspot/share/prims
Event: 3.797 Thread 0x000001c9041c9000 Exception <a 'java/lang/ClassNotFoundException'{0x0000000710b65990}: org.springframework.boot.validation.beanvalidation.MethodValidationExcludeFilter$$Lambda$1083/0x0000000800633840Customizer> (0x0000000710b65990) thrown at [./open/src/hotspot/share/prims
Event: 3.797 Thread 0x000001c9041c9000 Exception <a 'java/lang/ClassNotFoundException'{0x0000000710b66500}: org.springframework.boot.validation.beanvalidation.MethodValidationExcludeFilter$$Lambda$1083/0x0000000800633840Customizer> (0x0000000710b66500) thrown at [./open/src/hotspot/share/prims
Event: 3.798 Thread 0x000001c9041c9000 Exception <a 'java/lang/ClassNotFoundException'{0x0000000710b7e600}: org/springframework/boot/validation/beanvalidation/MethodValidationExcludeFilterCustomizer> (0x0000000710b7e600) thrown at [./open/src/hotspot/share/classfile/systemDictionary.cpp, line 
Event: 3.799 Thread 0x000001c9041c9000 Exception <a 'java/lang/ClassNotFoundException'{0x0000000710a07c88}: java/lang/ObjectCustomizer> (0x0000000710a07c88) thrown at [./open/src/hotspot/share/classfile/systemDictionary.cpp, line 228]

Events (10 events):
Event: 3.798 Thread 0x000001c9041c9000 DEOPT PACKING pc=0x000001c90ecc60a0 sp=0x0000003b410faec0
Event: 3.798 Thread 0x000001c9041c9000 DEOPT UNPACKING pc=0x000001c90de18fce sp=0x0000003b410fa3d8 mode 0
Event: 3.798 loading class org/springframework/boot/validation/beanvalidation/MethodValidationExcludeFilterCustomizer
Event: 3.798 loading class org/springframework/boot/validation/beanvalidation/MethodValidationExcludeFilterCustomizer done
Event: 3.799 loading class java/lang/ObjectCustomizer
Event: 3.799 loading class java/lang/ObjectCustomizer done
Event: 3.799 loading class java/lang/ObjectCustomizer
Event: 3.799 loading class java/lang/ObjectCustomizer done
Event: 3.799 loading class org/springframework/boot/autoconfigure/web/servlet/DispatcherServletAutoConfigurationCustomizer
Event: 3.799 loading class org/springframework/boot/autoconfigure/web/servlet/DispatcherServletAutoConfigurationCustomizer done


Dynamic libraries:
0x00007ff61bfa0000 - 0x00007ff61bfe7000 	C:\Program Files\Java\jdk-11.0.7\bin\java.exe
0x00007ffc756c0000 - 0x00007ffc758b0000 	C:\WINDOWS\SYSTEM32\ntdll.dll
0x00007ffc74cd0000 - 0x00007ffc74d82000 	C:\WINDOWS\System32\KERNEL32.DLL
0x00007ffc72b50000 - 0x00007ffc72df5000 	C:\WINDOWS\System32\KERNELBASE.dll
0x00007ffc73c70000 - 0x00007ffc73d13000 	C:\WINDOWS\System32\ADVAPI32.dll
0x00007ffc74f10000 - 0x00007ffc74fae000 	C:\WINDOWS\System32\msvcrt.dll
0x00007ffc74df0000 - 0x00007ffc74e87000 	C:\WINDOWS\System32\sechost.dll
0x00007ffc745b0000 - 0x00007ffc746cf000 	C:\WINDOWS\System32\RPCRT4.dll
0x00007ffc74870000 - 0x00007ffc74a04000 	C:\WINDOWS\System32\USER32.dll
0x00007ffc736f0000 - 0x00007ffc73711000 	C:\WINDOWS\System32\win32u.dll
0x00007ffc73d20000 - 0x00007ffc73d46000 	C:\WINDOWS\System32\GDI32.dll
0x00007ffc72630000 - 0x00007ffc727c8000 	C:\WINDOWS\System32\gdi32full.dll
0x00007ffc729b0000 - 0x00007ffc72a4e000 	C:\WINDOWS\System32\msvcp_win.dll
0x00007ffc72a50000 - 0x00007ffc72b4a000 	C:\WINDOWS\System32\ucrtbase.dll
0x00007ffc50870000 - 0x00007ffc50af4000 	C:\WINDOWS\WinSxS\amd64_microsoft.windows.common-controls_6595b64144ccf1df_6.0.18362.1556_none_9e7e372fe45e41d5\COMCTL32.dll
0x00007ffc6a970000 - 0x00007ffc6a97a000 	C:\WINDOWS\SYSTEM32\VERSION.dll
0x00007ffc750c0000 - 0x00007ffc753f6000 	C:\WINDOWS\System32\combase.dll
0x00007ffc73660000 - 0x00007ffc736e1000 	C:\WINDOWS\System32\bcryptPrimitives.dll
0x00007ffc74fb0000 - 0x00007ffc74fde000 	C:\WINDOWS\System32\IMM32.DLL
0x00007ffc4b380000 - 0x00007ffc4b396000 	C:\Program Files\Java\jdk-11.0.7\bin\vcruntime140.dll
0x00007ffc32f80000 - 0x00007ffc3302a000 	C:\Program Files\Java\jdk-11.0.7\bin\msvcp140.dll
0x00007ffc2bd00000 - 0x00007ffc2c861000 	C:\Program Files\Java\jdk-11.0.7\bin\server\jvm.dll
0x00007ffc73be0000 - 0x00007ffc73be8000 	C:\WINDOWS\System32\PSAPI.DLL
0x00007ffc4f4e0000 - 0x00007ffc4f4e9000 	C:\WINDOWS\SYSTEM32\WSOCK32.dll
0x00007ffc74c60000 - 0x00007ffc74ccf000 	C:\WINDOWS\System32\WS2_32.dll
0x00007ffc6f860000 - 0x00007ffc6f884000 	C:\WINDOWS\SYSTEM32\WINMM.dll
0x00007ffc6f7f0000 - 0x00007ffc6f81d000 	C:\WINDOWS\SYSTEM32\WINMMBASE.dll
0x00007ffc73720000 - 0x00007ffc7376a000 	C:\WINDOWS\System32\cfgmgr32.dll
0x00007ffc725c0000 - 0x00007ffc725d1000 	C:\WINDOWS\System32\kernel.appcore.dll
0x00007ffc4b220000 - 0x00007ffc4b231000 	C:\Program Files\Java\jdk-11.0.7\bin\verify.dll
0x00007ffc6b0d0000 - 0x00007ffc6b2c4000 	C:\WINDOWS\SYSTEM32\DBGHELP.DLL
0x00007ffc631c0000 - 0x00007ffc631ea000 	C:\WINDOWS\SYSTEM32\dbgcore.DLL
0x00007ffc3ceb0000 - 0x00007ffc3ced9000 	C:\Program Files\Java\jdk-11.0.7\bin\java.dll
0x00007ffc50b80000 - 0x00007ffc50b8a000 	C:\Program Files\Java\jdk-11.0.7\bin\jimage.dll
0x00007ffc45f20000 - 0x00007ffc45f36000 	C:\Program Files\Java\jdk-11.0.7\bin\zip.dll
0x00007ffc73d50000 - 0x00007ffc74437000 	C:\WINDOWS\System32\SHELL32.dll
0x00007ffc74440000 - 0x00007ffc744e8000 	C:\WINDOWS\System32\shcore.dll
0x00007ffc72e00000 - 0x00007ffc7357b000 	C:\WINDOWS\System32\windows.storage.dll
0x00007ffc725a0000 - 0x00007ffc725be000 	C:\WINDOWS\System32\profapi.dll
0x00007ffc725e0000 - 0x00007ffc7262a000 	C:\WINDOWS\System32\powrprof.dll
0x00007ffc72570000 - 0x00007ffc72580000 	C:\WINDOWS\System32\UMPDC.dll
0x00007ffc74e90000 - 0x00007ffc74ee2000 	C:\WINDOWS\System32\shlwapi.dll
0x00007ffc72830000 - 0x00007ffc72847000 	C:\WINDOWS\System32\cryptsp.dll
0x00007ffc44650000 - 0x00007ffc44669000 	C:\Program Files\Java\jdk-11.0.7\bin\net.dll
0x00007ffc6e560000 - 0x00007ffc6e65a000 	C:\WINDOWS\SYSTEM32\WINHTTP.dll
0x00007ffc71d00000 - 0x00007ffc71d67000 	C:\WINDOWS\system32\mswsock.dll
0x00007ffc3c390000 - 0x00007ffc3c3a3000 	C:\Program Files\Java\jdk-11.0.7\bin\nio.dll
0x00007ffc36d50000 - 0x00007ffc36d59000 	C:\Program Files\Java\jdk-11.0.7\bin\management.dll
0x00007ffc33cd0000 - 0x00007ffc33cdc000 	C:\Program Files\Java\jdk-11.0.7\bin\management_ext.dll
0x00007ffc47910000 - 0x00007ffc47926000 	C:\WINDOWS\system32\napinsp.dll
0x00007ffc476b0000 - 0x00007ffc476ca000 	C:\WINDOWS\system32\pnrpnsp.dll
0x00007ffc71a60000 - 0x00007ffc71b2b000 	C:\WINDOWS\SYSTEM32\DNSAPI.dll
0x00007ffc74fe0000 - 0x00007ffc74fe8000 	C:\WINDOWS\System32\NSI.dll
0x00007ffc71a20000 - 0x00007ffc71a5a000 	C:\WINDOWS\SYSTEM32\IPHLPAPI.DLL
0x00007ffc47900000 - 0x00007ffc4790e000 	C:\WINDOWS\System32\winrnr.dll
0x00007ffc6eba0000 - 0x00007ffc6ebbc000 	C:\WINDOWS\system32\NLAapi.dll
0x00007ffc47690000 - 0x00007ffc476a5000 	C:\WINDOWS\system32\wshbth.dll
0x00007ffc69f60000 - 0x00007ffc69f6a000 	C:\Windows\System32\rasadhlp.dll
0x00007ffc6c6b0000 - 0x00007ffc6c727000 	C:\WINDOWS\System32\fwpuclnt.dll
0x00007ffc73580000 - 0x00007ffc735a6000 	C:\WINDOWS\System32\bcrypt.dll
0x00007ffc33a10000 - 0x00007ffc33a1e000 	C:\Program Files\Java\jdk-11.0.7\bin\sunmscapi.dll
0x00007ffc72850000 - 0x00007ffc729a1000 	C:\WINDOWS\System32\CRYPT32.dll
0x00007ffc72580000 - 0x00007ffc72592000 	C:\WINDOWS\System32\MSASN1.dll
0x00007ffc71f90000 - 0x00007ffc71fb6000 	C:\WINDOWS\SYSTEM32\ncrypt.dll
0x00007ffc71f50000 - 0x00007ffc71f8b000 	C:\WINDOWS\SYSTEM32\NTASN1.dll
0x00007ffc2bcd0000 - 0x00007ffc2bcf6000 	C:\Program Files\Java\jdk-11.0.7\bin\sunec.dll
0x00007ffc71890000 - 0x00007ffc718c3000 	C:\WINDOWS\system32\rsaenh.dll
0x00007ffc72490000 - 0x00007ffc724b5000 	C:\WINDOWS\SYSTEM32\USERENV.dll
0x00007ffc71e80000 - 0x00007ffc71e8c000 	C:\WINDOWS\SYSTEM32\CRYPTBASE.dll
0x00007ffc6c820000 - 0x00007ffc6c836000 	C:\WINDOWS\SYSTEM32\dhcpcsvc6.DLL
0x00007ffc6c870000 - 0x00007ffc6c88c000 	C:\WINDOWS\SYSTEM32\dhcpcsvc.DLL

dbghelp: loaded successfully - version: 4.0.5 - missing functions: none
symbol engine: initialized successfully - sym options: 0x614 - pdb path: .;C:\Program Files\Java\jdk-11.0.7\bin;C:\WINDOWS\SYSTEM32;C:\WINDOWS\WinSxS\amd64_microsoft.windows.common-controls_6595b64144ccf1df_6.0.18362.1556_none_9e7e372fe45e41d5;C:\Program Files\Java\jdk-11.0.7\bin\server

VM Arguments:
java_command: C:\Users\LEMONG~1\AppData\Local\Temp\surefire14474645541335747262\surefirebooter12702044903988565553.jar C:\Users\Lemongrass\AppData\Local\Temp\surefire14474645541335747262 2022-12-18T21-36-31_770-jvmRun1 surefire4182205764474491975tmp surefire_06915065466541403538tmp
java_class_path (initial): C:\Users\LEMONG~1\AppData\Local\Temp\surefire14474645541335747262\surefirebooter12702044903988565553.jar
Launcher Type: SUN_STANDARD

[Global flags]
     intx CICompilerCount                          = 4                                         {product} {ergonomic}
     uint ConcGCThreads                            = 2                                         {product} {ergonomic}
     uint G1ConcRefinementThreads                  = 8                                         {product} {ergonomic}
   size_t G1HeapRegionSize                         = 1048576                                   {product} {ergonomic}
    uintx GCDrainStackTargetSize                   = 64                                        {product} {ergonomic}
   size_t InitialHeapSize                          = 268435456                                 {product} {ergonomic}
   size_t MarkStackSize                            = 4194304                                   {product} {ergonomic}
   size_t MaxHeapSize                              = 4282384384                                {product} {ergonomic}
   size_t MaxNewSize                               = 2569011200                                {product} {ergonomic}
   size_t MinHeapDeltaBytes                        = 1048576                                   {product} {ergonomic}
    uintx NonNMethodCodeHeapSize                   = 5836300                                {pd product} {ergonomic}
    uintx NonProfiledCodeHeapSize                  = 122910970                              {pd product} {ergonomic}
    uintx ProfiledCodeHeapSize                     = 122910970                              {pd product} {ergonomic}
    uintx ReservedCodeCacheSize                    = 251658240                              {pd product} {ergonomic}
     bool SegmentedCodeCache                       = true                                      {product} {ergonomic}
     bool UseCompressedClassPointers               = true                                 {lp64_product} {ergonomic}
     bool UseCompressedOops                        = true                                 {lp64_product} {ergonomic}
     bool UseG1GC                                  = true                                      {product} {ergonomic}
     bool UseLargePagesIndividualAllocation        = false                                  {pd product} {ergonomic}

Logging:
Log output configuration:
 #0: stdout all=warning uptime,level,tags
 #1: stderr all=off uptime,level,tags

Environment Variables:
JAVA_HOME=C:\Program Files\Java\jdk1.8.0_212
PATH=C:\Program Files (x86)\Common Files\Oracle\Java\javapath;C:\Program Files (x86)\NVIDIA Corporation\PhysX\Common;C:\WINDOWS\system32;C:\WINDOWS;C:\WINDOWS\System32\Wbem;C:\WINDOWS\System32\WindowsPowerShell\v1.0\;C:\Program Files (x86)\Universal Extractor;C:\Program Files (x86)\Universal Extractor\bin;C:\WINDOWS\System32\OpenSSH\;C:\Program Files\Git\cmd;C:\Gradle\gradle-6.0.1\bin;C:\Program Files\Java\jdk1.8.0_212\bin;C:\Program Files\nodejs\;C:\Maven\bin;C:\Program Files (x86)\Pulse Secure\VC142.CRT\X64\;C:\Program Files (x86)\Pulse Secure\VC142.CRT\X86\;C:\Program Files\PuTTY\;C:\Program Files\Docker\Docker\resources\bin;C:\ProgramData\DockerDesktop\version-bin;C:\Program Files\MySQL\MySQL Shell 8.0\bin\;C:\Users\Lemongrass\AppData\Local\Programs\Python\Python37-32\Scripts\;C:\Users\Lemongrass\AppData\Local\Programs\Python\Python37-32\;C:\Users\Lemongrass\AppData\Local\Microsoft\WindowsApps;C:\Program Files\JetBrains\PyCharm Community Edition 2018.3.4\bin;C:\Gradle\gradle-6.0.1\bin;C:\Users\Lemongrass\AppData\Local\GitHubDesktop\bin;C:\Users\Lemongrass\AppData\Local\Programs\Microsoft VS Code\bin;C:\Users\Lemongrass\AppData\Roaming\npm;C:\Users\Lemongrass\AppData\Local\Microsoft\WindowsApps;C:\Program Files\heroku\bin;D:\Program Files\JetBrains\IntelliJ IDEA 2022.2.3\bin;
USERNAME=Lemongrass
OS=Windows_NT
PROCESSOR_IDENTIFIER=Intel64 Family 6 Model 94 Stepping 3, GenuineIntel



---------------  S Y S T E M  ---------------

OS: Windows 10 , 64 bit Build 18362 (10.0.18362.1500)

CPU:total 8 (initial active 8) (4 cores per cpu, 2 threads per core) family 6 model 94 stepping 3, cmov, cx8, fxsr, mmx, sse, sse2, sse3, ssse3, sse4.1, sse4.2, popcnt, avx, avx2, aes, clmul, erms, rtm, 3dnowpref, lzcnt, ht, tsc, tscinvbit, bmi1, bmi2, adx, fma

Memory: 4k page, system-wide physical 16333M (2357M free)
TotalPageFile size 26052M (AvailPageFile size 9M)
current process WorkingSet (physical memory assigned to process): 292M, peak: 292M
current process commit charge ("private bytes"): 466M, peak: 467M

vm_info: Java HotSpot(TM) 64-Bit Server VM (11.0.7+8-LTS) for windows-amd64 JRE (11.0.7+8-LTS), built on Mar 12 2020 02:04:32 by "mach5one" with MS VC++ 15.5 (VS2017)

END.
